Using pre-set license
Built from '2022.3/staging' branch; Version is '2022.3.9f1 (ea401c316338) revision 15351836'; Using compiler version '192829333'; Build Type 'Release'
OS: 'Windows 10  (10.0.19045) 64bit Professional' Language: 'ko' Physical Memory: 16252 MB
BatchMode: 1, IsHumanControllingUs: 0, StartBugReporterOnCrash: 0, Is64bit: 1, IsPro: 1

COMMAND LINE ARGUMENTS:
C:\Program Files\Unity\Hub\Editor\2022.3.9f1\Editor\Unity.exe
-adb2
-batchMode
-noUpm
-name
AssetImportWorker5
-projectPath
C:/Users/admin/Desktop/kmk/DarkDice/DarkDice
-logFile
Logs/AssetImportWorker5.log
-srvPort
49608
Successfully changed project path to: C:/Users/admin/Desktop/kmk/DarkDice/DarkDice
C:/Users/admin/Desktop/kmk/DarkDice/DarkDice
[UnityMemory] Configuration Parameters - Can be set up in boot.config
    "memorysetup-bucket-allocator-granularity=16"
    "memorysetup-bucket-allocator-bucket-count=8"
    "memorysetup-bucket-allocator-block-size=33554432"
    "memorysetup-bucket-allocator-block-count=8"
    "memorysetup-main-allocator-block-size=16777216"
    "memorysetup-thread-allocator-block-size=16777216"
    "memorysetup-gfx-main-allocator-block-size=16777216"
    "memorysetup-gfx-thread-allocator-block-size=16777216"
    "memorysetup-cache-allocator-block-size=4194304"
    "memorysetup-typetree-allocator-block-size=2097152"
    "memorysetup-profiler-bucket-allocator-granularity=16"
    "memorysetup-profiler-bucket-allocator-bucket-count=8"
    "memorysetup-profiler-bucket-allocator-block-size=33554432"
    "memorysetup-profiler-bucket-allocator-block-count=8"
    "memorysetup-profiler-allocator-block-size=16777216"
    "memorysetup-profiler-editor-allocator-block-size=1048576"
    "memorysetup-temp-allocator-size-main=16777216"
    "memorysetup-job-temp-allocator-block-size=2097152"
    "memorysetup-job-temp-allocator-block-size-background=1048576"
    "memorysetup-job-temp-allocator-reduction-small-platforms=262144"
    "memorysetup-allocator-temp-initial-block-size-main=262144"
    "memorysetup-allocator-temp-initial-block-size-worker=262144"
    "memorysetup-temp-allocator-size-background-worker=32768"
    "memorysetup-temp-allocator-size-job-worker=262144"
    "memorysetup-temp-allocator-size-preload-manager=33554432"
    "memorysetup-temp-allocator-size-nav-mesh-worker=65536"
    "memorysetup-temp-allocator-size-audio-worker=65536"
    "memorysetup-temp-allocator-size-cloud-worker=32768"
    "memorysetup-temp-allocator-size-gi-baking-worker=262144"
    "memorysetup-temp-allocator-size-gfx=262144"
Player connection [14124] Host "[IP] 192.168.200.187 [Port] 0 [Flags] 2 [Guid] 963780042 [EditorId] 963780042 [Version] 1048832 [Id] WindowsEditor(7,DESKTOP-ILO6AIA) [Debug] 1 [PackageName] WindowsEditor [ProjectName] Editor" joined multi-casting on [225.0.0.222:54997]...

Player connection [14124] Host "[IP] 192.168.200.187 [Port] 0 [Flags] 2 [Guid] 963780042 [EditorId] 963780042 [Version] 1048832 [Id] WindowsEditor(7,DESKTOP-ILO6AIA) [Debug] 1 [PackageName] WindowsEditor [ProjectName] Editor" joined alternative multi-casting on [225.0.0.222:34997]...

[Physics::Module] Initialized MultithreadedJobDispatcher with 11 workers.
Refreshing native plugins compatible for Editor in 13.67 ms, found 4 plugins.
Preloading 0 native plugins for Editor in 0.00 ms.
Initialize engine version: 2022.3.9f1 (ea401c316338)
[Subsystems] Discovering subsystems at path C:/Program Files/Unity/Hub/Editor/2022.3.9f1/Editor/Data/Resources/UnitySubsystems
[Subsystems] Discovering subsystems at path C:/Users/admin/Desktop/kmk/DarkDice/DarkDice/Assets
GfxDevice: creating device client; threaded=0; jobified=0
Direct3D:
    Version:  Direct3D 11.0 [level 11.1]
    Renderer: NVIDIA GeForce GTX 1660 SUPER (ID=0x21c4)
    Vendor:   NVIDIA
    VRAM:     5980 MB
    Driver:   31.0.15.3623
Initialize mono
Mono path[0] = 'C:/Program Files/Unity/Hub/Editor/2022.3.9f1/Editor/Data/Managed'
Mono path[1] = 'C:/Program Files/Unity/Hub/Editor/2022.3.9f1/Editor/Data/MonoBleedingEdge/lib/mono/unityjit-win32'
Mono config path = 'C:/Program Files/Unity/Hub/Editor/2022.3.9f1/Editor/Data/MonoBleedingEdge/etc'
Using monoOptions --debugger-agent=transport=dt_socket,embedding=1,server=y,suspend=n,address=127.0.0.1:56448
Begin MonoManager ReloadAssembly
Registering precompiled unity dll's ...
Register platform support module: C:/Program Files/Unity/Hub/Editor/2022.3.9f1/Editor/Data/PlaybackEngines/AndroidPlayer/UnityEditor.Android.Extensions.dll
Register platform support module: C:/Program Files/Unity/Hub/Editor/2022.3.9f1/Editor/Data/PlaybackEngines/WindowsStandaloneSupport/UnityEditor.WindowsStandalone.Extensions.dll
Registered in 0.011097 seconds.
- Loaded All Assemblies, in  0.323 seconds
Native extension for WindowsStandalone target not found
Native extension for Android target not found
Android Extension - Scanning For ADB Devices 310 ms
Mono: successfully reloaded assembly
- Finished resetting the current domain, in  0.636 seconds
Domain Reload Profiling: 958ms
	BeginReloadAssembly (93ms)
		ExecutionOrderSort (0ms)
		DisableScriptedObjects (0ms)
		BackupInstance (0ms)
		ReleaseScriptingObjects (0ms)
		CreateAndSetChildDomain (1ms)
	RebuildCommonClasses (29ms)
	RebuildNativeTypeToScriptingClass (9ms)
	initialDomainReloadingComplete (56ms)
	LoadAllAssembliesAndSetupDomain (135ms)
		LoadAssemblies (92ms)
		RebuildTransferFunctionScriptingTraits (0ms)
		AnalyzeDomain (133ms)
			TypeCache.Refresh (131ms)
				TypeCache.ScanAssembly (119ms)
			ScanForSourceGeneratedMonoScriptInfo (0ms)
			ResolveRequiredComponents (1ms)
	FinalizeReload (636ms)
		ReleaseScriptCaches (0ms)
		RebuildScriptCaches (0ms)
		SetupLoadedEditorAssemblies (577ms)
			LogAssemblyErrors (0ms)
			InitializePlatformSupportModulesInManaged (430ms)
			SetLoadedEditorAssemblies (4ms)
			RefreshPlugins (0ms)
			BeforeProcessingInitializeOnLoad (2ms)
			ProcessInitializeOnLoadAttributes (96ms)
			ProcessInitializeOnLoadMethodAttributes (44ms)
			AfterProcessingInitializeOnLoad (0ms)
			EditorAssembliesLoaded (0ms)
		ExecutionOrderSort2 (0ms)
		AwakeInstancesAfterBackupRestoration (0ms)
========================================================================
Worker process is ready to serve import requests
Begin MonoManager ReloadAssembly
- Loaded All Assemblies, in  0.718 seconds
Refreshing native plugins compatible for Editor in 4.93 ms, found 4 plugins.
Native extension for WindowsStandalone target not found
Native extension for Android target not found
Package Manager log level set to [2]
[Package Manager] Server::EnsureServerProcessIsRunning -- launch failed, reason: Unity was launched with the -noUpm command-line argument
[Package Manager] UpmClient::Send -- Unable to send message (not connected to UPM process).
[Package Manager] Cannot connect to Unity Package Manager local server
Mono: successfully reloaded assembly
- Finished resetting the current domain, in  0.716 seconds
Domain Reload Profiling: 1430ms
	BeginReloadAssembly (138ms)
		ExecutionOrderSort (0ms)
		DisableScriptedObjects (6ms)
		BackupInstance (0ms)
		ReleaseScriptingObjects (0ms)
		CreateAndSetChildDomain (22ms)
	RebuildCommonClasses (28ms)
	RebuildNativeTypeToScriptingClass (8ms)
	initialDomainReloadingComplete (48ms)
	LoadAllAssembliesAndSetupDomain (490ms)
		LoadAssemblies (330ms)
		RebuildTransferFunctionScriptingTraits (0ms)
		AnalyzeDomain (238ms)
			TypeCache.Refresh (213ms)
				TypeCache.ScanAssembly (195ms)
			ScanForSourceGeneratedMonoScriptInfo (19ms)
			ResolveRequiredComponents (4ms)
	FinalizeReload (716ms)
		ReleaseScriptCaches (0ms)
		RebuildScriptCaches (0ms)
		SetupLoadedEditorAssemblies (534ms)
			LogAssemblyErrors (0ms)
			InitializePlatformSupportModulesInManaged (27ms)
			SetLoadedEditorAssemblies (3ms)
			RefreshPlugins (0ms)
			BeforeProcessingInitializeOnLoad (84ms)
			ProcessInitializeOnLoadAttributes (357ms)
			ProcessInitializeOnLoadMethodAttributes (54ms)
			AfterProcessingInitializeOnLoad (8ms)
			EditorAssembliesLoaded (0ms)
		ExecutionOrderSort2 (0ms)
		AwakeInstancesAfterBackupRestoration (7ms)
Launched and connected shader compiler UnityShaderCompiler.exe after 0.05 seconds
Refreshing native plugins compatible for Editor in 6.12 ms, found 4 plugins.
Preloading 0 native plugins for Editor in 0.00 ms.
Unloading 4337 Unused Serialized files (Serialized files now loaded: 0)
Unloading 81 unused Assets / (1.2 MB). Loaded Objects now: 4813.
Memory consumption went from 181.4 MB to 180.2 MB.
Total: 6.007400 ms (FindLiveObjects: 0.566600 ms CreateObjectMapping: 0.243000 ms MarkObjects: 4.225200 ms  DeleteObjects: 0.970800 ms)

AssetImportParameters requested are different than current active one (requested -> active):
  custom:container-demuxer-ogg: 62fdf1f143b41e24485cea50d1cbac27 -> 
  custom:video-decoder-ogg-theora: a1e56fd34408186e4bbccfd4996cb3dc -> 
  custom:framework-win-MediaFoundation: 216162199b28c13a410421893ffa2e32 -> 
  custom:CustomObjectIndexerAttribute: 756ad292c208cfabdd7b50bc23989ffe -> 
  custom:container-demuxer-webm: 4f35f7cbe854078d1ac9338744f61a02 -> 
  custom:container-muxer-webm: aa71ff27fc2769a1b78a27578f13a17b -> 
  custom:video-decoder-webm-vp8: 9c59270c3fd7afecdb556c50c9e8de78 -> 
  custom:SearchIndexIgnoredProperties: e643bd26f0fe6173181afceb89e7c659 -> 
  custom:AudioImporter_EditorPlatform: d09bf68614088b80899f8185d706f6e7 -> 
  custom:video-encoder-webm-vp8: eb34c28f22e8b96e1ab97ce403110664 -> 
  custom:audio-decoder-ogg-vorbis: bf7c407c2cedff20999df2af8eb42d56 -> 
  custom:audio-encoder-webm-vorbis: bf7c407c2cedff20999df2af8eb42d56 -> 
========================================================================
Received Import Request.
  Time since last request: 536365.886159 seconds.
  path: Assets/FantaziaCharacterEditor/SpineProjectFile/images/17HIP.png
  artifactKey: Guid(6e6938d2d381d7549b7756c910008a4e) Importer(815301076,1909f56bfc062723c751e8b465ee728b)
Start importing Assets/FantaziaCharacterEditor/SpineProjectFile/images/17HIP.png using Guid(6e6938d2d381d7549b7756c910008a4e) Importer(815301076,1909f56bfc062723c751e8b465ee728b)  -> (artifact id: '7818718f451a4427048a93dbbe9d9410') in 0.075579 seconds
Number of updated asset objects reloaded before import = 0
Number of asset objects unloaded after import = 3
========================================================================
Received Import Request.
  Time since last request: 0.012860 seconds.
  path: Assets/FantaziaCharacterEditor/SpineProjectFile/images/18ARM B3B.png
  artifactKey: Guid(10b04c344d3a41b47b7c24ac403d1764) Importer(815301076,1909f56bfc062723c751e8b465ee728b)
Start importing Assets/FantaziaCharacterEditor/SpineProjectFile/images/18ARM B3B.png using Guid(10b04c344d3a41b47b7c24ac403d1764) Importer(815301076,1909f56bfc062723c751e8b465ee728b)  -> (artifact id: '3efc1639d3325a55bdda5d3f849d1e32') in 0.023005 seconds
Number of updated asset objects reloaded before import = 0
Number of asset objects unloaded after import = 3
========================================================================
Received Import Request.
  Time since last request: 0.000024 seconds.
  path: Assets/FantaziaCharacterEditor/SpineProjectFile/images/18BODY.png
  artifactKey: Guid(26a337ecd64a7ba498cc6ef64cb55c26) Importer(815301076,1909f56bfc062723c751e8b465ee728b)
Start importing Assets/FantaziaCharacterEditor/SpineProjectFile/images/18BODY.png using Guid(26a337ecd64a7ba498cc6ef64cb55c26) Importer(815301076,1909f56bfc062723c751e8b465ee728b)  -> (artifact id: 'd9a20096404f37015d8d21dd55e024b2') in 0.023165 seconds
Number of updated asset objects reloaded before import = 0
Number of asset objects unloaded after import = 3
========================================================================
Received Import Request.
  Time since last request: 0.054349 seconds.
  path: Assets/FantaziaCharacterEditor/SpineProjectFile/images/18SHIELD.png
  artifactKey: Guid(d45a2dcbcbbc15d47bf9676b96eb839e) Importer(815301076,1909f56bfc062723c751e8b465ee728b)
Start importing Assets/FantaziaCharacterEditor/SpineProjectFile/images/18SHIELD.png using Guid(d45a2dcbcbbc15d47bf9676b96eb839e) Importer(815301076,1909f56bfc062723c751e8b465ee728b)  -> (artifact id: 'c387d070de18f4b7bfd6be69acd09ff4') in 0.021552 seconds
Number of updated asset objects reloaded before import = 0
Number of asset objects unloaded after import = 3
========================================================================
Received Import Request.
  Time since last request: 0.000015 seconds.
  path: Assets/FantaziaCharacterEditor/SpineProjectFile/images/19ARM A2.png
  artifactKey: Guid(f541140ae32922d4a96f714ab6afc23e) Importer(815301076,1909f56bfc062723c751e8b465ee728b)
Start importing Assets/FantaziaCharacterEditor/SpineProjectFile/images/19ARM A2.png using Guid(f541140ae32922d4a96f714ab6afc23e) Importer(815301076,1909f56bfc062723c751e8b465ee728b)  -> (artifact id: '647016b9310fd0d4db41fd8cc57f54e0') in 0.021225 seconds
Number of updated asset objects reloaded before import = 0
Number of asset objects unloaded after import = 3
========================================================================
Received Import Request.
  Time since last request: 0.000015 seconds.
  path: Assets/FantaziaCharacterEditor/SpineProjectFile/images/19ARM B3B.png
  artifactKey: Guid(4472bc5378df5bf4785ab5bd5a528479) Importer(815301076,1909f56bfc062723c751e8b465ee728b)
Start importing Assets/FantaziaCharacterEditor/SpineProjectFile/images/19ARM B3B.png using Guid(4472bc5378df5bf4785ab5bd5a528479) Importer(815301076,1909f56bfc062723c751e8b465ee728b)  -> (artifact id: '8a8279c27f377a61f1b8cf21e745c131') in 0.020394 seconds
Number of updated asset objects reloaded before import = 0
Number of asset objects unloaded after import = 3
========================================================================
Received Import Request.
  Time since last request: 0.000017 seconds.
  path: Assets/FantaziaCharacterEditor/SpineProjectFile/images/19ARM B2.png
  artifactKey: Guid(f689cdd8ab757374daac1a9d000da175) Importer(815301076,1909f56bfc062723c751e8b465ee728b)
Start importing Assets/FantaziaCharacterEditor/SpineProjectFile/images/19ARM B2.png using Guid(f689cdd8ab757374daac1a9d000da175) Importer(815301076,1909f56bfc062723c751e8b465ee728b)  -> (artifact id: 'b1703712a2ec6b798fb5f0c88d690ac8') in 0.024605 seconds
Number of updated asset objects reloaded before import = 0
Number of asset objects unloaded after import = 3
========================================================================
Received Import Request.
  Time since last request: 0.034816 seconds.
  path: Assets/FantaziaCharacterEditor/SpineProjectFile/images/19SHIELD.png
  artifactKey: Guid(3a2d4a8ac2967564c9b6aa247ab883aa) Importer(815301076,1909f56bfc062723c751e8b465ee728b)
Start importing Assets/FantaziaCharacterEditor/SpineProjectFile/images/19SHIELD.png using Guid(3a2d4a8ac2967564c9b6aa247ab883aa) Importer(815301076,1909f56bfc062723c751e8b465ee728b)  -> (artifact id: 'ec484e8f5688b81cad1aa384995f3bbf') in 0.025003 seconds
Number of updated asset objects reloaded before import = 0
Number of asset objects unloaded after import = 3
========================================================================
Received Import Request.
  Time since last request: 0.000022 seconds.
  path: Assets/FantaziaCharacterEditor/SpineProjectFile/images/20ARM A1.png
  artifactKey: Guid(524b1de52d5c4b54aab1eeeae064eed6) Importer(815301076,1909f56bfc062723c751e8b465ee728b)
Start importing Assets/FantaziaCharacterEditor/SpineProjectFile/images/20ARM A1.png using Guid(524b1de52d5c4b54aab1eeeae064eed6) Importer(815301076,1909f56bfc062723c751e8b465ee728b)  -> (artifact id: '4491e2719003670e1df94735ca6c5a7c') in 0.020327 seconds
Number of updated asset objects reloaded before import = 0
Number of asset objects unloaded after import = 3
========================================================================
Received Import Request.
  Time since last request: 0.000029 seconds.
  path: Assets/FantaziaCharacterEditor/SpineProjectFile/images/20ARM B3B.png
  artifactKey: Guid(dec0a8f1988f2d14ba36e227c0a1f38c) Importer(815301076,1909f56bfc062723c751e8b465ee728b)
Start importing Assets/FantaziaCharacterEditor/SpineProjectFile/images/20ARM B3B.png using Guid(dec0a8f1988f2d14ba36e227c0a1f38c) Importer(815301076,1909f56bfc062723c751e8b465ee728b)  -> (artifact id: '2e772485629cacdd76ee1cb3838cf4ca') in 0.019984 seconds
Number of updated asset objects reloaded before import = 0
Number of asset objects unloaded after import = 3
========================================================================
Received Import Request.
  Time since last request: 0.000017 seconds.
  path: Assets/FantaziaCharacterEditor/SpineProjectFile/images/20BOW.png
  artifactKey: Guid(5a9588b67182de94ebc818595bd0beb4) Importer(815301076,1909f56bfc062723c751e8b465ee728b)
Start importing Assets/FantaziaCharacterEditor/SpineProjectFile/images/20BOW.png using Guid(5a9588b67182de94ebc818595bd0beb4) Importer(815301076,1909f56bfc062723c751e8b465ee728b)  -> (artifact id: '67bfbf9159e6f47ca5f085827c20f15c') in 0.021557 seconds
Number of updated asset objects reloaded before import = 0
Number of asset objects unloaded after import = 3
========================================================================
Received Import Request.
  Time since last request: 0.000661 seconds.
  path: Assets/FantaziaCharacterEditor/SpineProjectFile/images/20LEG A2.png
  artifactKey: Guid(caf471fcd5f6e694d803689f3fdaebf8) Importer(815301076,1909f56bfc062723c751e8b465ee728b)
Start importing Assets/FantaziaCharacterEditor/SpineProjectFile/images/20LEG A2.png using Guid(caf471fcd5f6e694d803689f3fdaebf8) Importer(815301076,1909f56bfc062723c751e8b465ee728b)  -> (artifact id: '6e4293372bfb5bf4711d30c130e5488f') in 0.020496 seconds
Number of updated asset objects reloaded before import = 0
Number of asset objects unloaded after import = 3
========================================================================
Received Import Request.
  Time since last request: 0.000022 seconds.
  path: Assets/FantaziaCharacterEditor/SpineProjectFile/images/20LEG B2.png
  artifactKey: Guid(2be7218bffcff434bb05b7b1dc319873) Importer(815301076,1909f56bfc062723c751e8b465ee728b)
Start importing Assets/FantaziaCharacterEditor/SpineProjectFile/images/20LEG B2.png using Guid(2be7218bffcff434bb05b7b1dc319873) Importer(815301076,1909f56bfc062723c751e8b465ee728b)  -> (artifact id: '9823b287af8f78e67d11e40be118606e') in 0.022158 seconds
Number of updated asset objects reloaded before import = 0
Number of asset objects unloaded after import = 3
========================================================================
Received Import Request.
  Time since last request: 0.000017 seconds.
  path: Assets/FantaziaCharacterEditor/SpineProjectFile/images/20LEG B3.png
  artifactKey: Guid(7c42e04f71239ad4d8823887f5142c0d) Importer(815301076,1909f56bfc062723c751e8b465ee728b)
Start importing Assets/FantaziaCharacterEditor/SpineProjectFile/images/20LEG B3.png using Guid(7c42e04f71239ad4d8823887f5142c0d) Importer(815301076,1909f56bfc062723c751e8b465ee728b)  -> (artifact id: 'e527c24fcbc7b1ed2f18620dddef97e0') in 0.021129 seconds
Number of updated asset objects reloaded before import = 0
Number of asset objects unloaded after import = 3
========================================================================
Received Import Request.
  Time since last request: 0.023795 seconds.
  path: Assets/FantaziaCharacterEditor/SpineProjectFile/images/21BODY.png
  artifactKey: Guid(5d6ac6f4eab23ec46b4ef6b658412216) Importer(815301076,1909f56bfc062723c751e8b465ee728b)
Start importing Assets/FantaziaCharacterEditor/SpineProjectFile/images/21BODY.png using Guid(5d6ac6f4eab23ec46b4ef6b658412216) Importer(815301076,1909f56bfc062723c751e8b465ee728b)  -> (artifact id: '181e823918b1a186ab29158cb97c1939') in 0.021611 seconds
Number of updated asset objects reloaded before import = 0
Number of asset objects unloaded after import = 3
========================================================================
Received Import Request.
  Time since last request: 0.000428 seconds.
  path: Assets/FantaziaCharacterEditor/SpineProjectFile/images/21HIP.png
  artifactKey: Guid(5520795a9f20be14181358a0d3c8479b) Importer(815301076,1909f56bfc062723c751e8b465ee728b)
Start importing Assets/FantaziaCharacterEditor/SpineProjectFile/images/21HIP.png using Guid(5520795a9f20be14181358a0d3c8479b) Importer(815301076,1909f56bfc062723c751e8b465ee728b)  -> (artifact id: '1d789646ab5c94e2d7ff45b778d91adb') in 0.019821 seconds
Number of updated asset objects reloaded before import = 0
Number of asset objects unloaded after import = 3
========================================================================
Received Import Request.
  Time since last request: 0.000016 seconds.
  path: Assets/FantaziaCharacterEditor/SpineProjectFile/images/21LEG A2.png
  artifactKey: Guid(05c5dcd11954c8f41abadbd0c6cbcf23) Importer(815301076,1909f56bfc062723c751e8b465ee728b)
Start importing Assets/FantaziaCharacterEditor/SpineProjectFile/images/21LEG A2.png using Guid(05c5dcd11954c8f41abadbd0c6cbcf23) Importer(815301076,1909f56bfc062723c751e8b465ee728b)  -> (artifact id: 'ef48d3e42e2f63f2d13d4f5567963d1c') in 0.022868 seconds
Number of updated asset objects reloaded before import = 0
Number of asset objects unloaded after import = 3
========================================================================
Received Import Request.
  Time since last request: 0.000023 seconds.
  path: Assets/FantaziaCharacterEditor/SpineProjectFile/images/21LEG B3.png
  artifactKey: Guid(0083c0ce84349fc40b753118f6c41472) Importer(815301076,1909f56bfc062723c751e8b465ee728b)
Start importing Assets/FantaziaCharacterEditor/SpineProjectFile/images/21LEG B3.png using Guid(0083c0ce84349fc40b753118f6c41472) Importer(815301076,1909f56bfc062723c751e8b465ee728b)  -> (artifact id: 'b1ab3013d3795a777d280de808301964') in 0.017504 seconds
Number of updated asset objects reloaded before import = 0
Number of asset objects unloaded after import = 3
========================================================================
Received Import Request.
  Time since last request: 0.000025 seconds.
  path: Assets/FantaziaCharacterEditor/SpineProjectFile/images/21LEG B2.png
  artifactKey: Guid(81ffcd69a254654469218f71f82fa763) Importer(815301076,1909f56bfc062723c751e8b465ee728b)
Start importing Assets/FantaziaCharacterEditor/SpineProjectFile/images/21LEG B2.png using Guid(81ffcd69a254654469218f71f82fa763) Importer(815301076,1909f56bfc062723c751e8b465ee728b)  -> (artifact id: 'e378ace07745fa649a86c07684c0818f') in 0.021952 seconds
Number of updated asset objects reloaded before import = 0
Number of asset objects unloaded after import = 3
========================================================================
Received Import Request.
  Time since last request: 0.078395 seconds.
  path: Assets/FantaziaCharacterEditor/SpineProjectFile/images/22LEG B2.png
  artifactKey: Guid(de2d3e35c01b19a4d9a1904e4c537949) Importer(815301076,1909f56bfc062723c751e8b465ee728b)
Start importing Assets/FantaziaCharacterEditor/SpineProjectFile/images/22LEG B2.png using Guid(de2d3e35c01b19a4d9a1904e4c537949) Importer(815301076,1909f56bfc062723c751e8b465ee728b)  -> (artifact id: '8a84fbc7923880fcbe9b3062d46acf94') in 0.022685 seconds
Number of updated asset objects reloaded before import = 0
Number of asset objects unloaded after import = 3
========================================================================
Received Import Request.
  Time since last request: 0.000017 seconds.
  path: Assets/FantaziaCharacterEditor/SpineProjectFile/images/22SHOULDER A.png
  artifactKey: Guid(8308429e35e436e4d8faff84f46ce5d3) Importer(815301076,1909f56bfc062723c751e8b465ee728b)
Start importing Assets/FantaziaCharacterEditor/SpineProjectFile/images/22SHOULDER A.png using Guid(8308429e35e436e4d8faff84f46ce5d3) Importer(815301076,1909f56bfc062723c751e8b465ee728b)  -> (artifact id: '78ead65adb2831b537f70cef8f23d376') in 0.020519 seconds
Number of updated asset objects reloaded before import = 0
Number of asset objects unloaded after import = 3
========================================================================
Received Import Request.
  Time since last request: 0.000750 seconds.
  path: Assets/FantaziaCharacterEditor/SpineProjectFile/images/23ARM A3.png
  artifactKey: Guid(188c1485cab594e4cb9f9f1265496e0a) Importer(815301076,1909f56bfc062723c751e8b465ee728b)
Start importing Assets/FantaziaCharacterEditor/SpineProjectFile/images/23ARM A3.png using Guid(188c1485cab594e4cb9f9f1265496e0a) Importer(815301076,1909f56bfc062723c751e8b465ee728b)  -> (artifact id: '5606c77b7ffc1b6929c387e22bbcb702') in 0.020023 seconds
Number of updated asset objects reloaded before import = 0
Number of asset objects unloaded after import = 3
========================================================================
Received Import Request.
  Time since last request: 0.000015 seconds.
  path: Assets/FantaziaCharacterEditor/SpineProjectFile/images/23ARM B3B.png
  artifactKey: Guid(82c4b27b0f6c3da408d44ff2e970cd99) Importer(815301076,1909f56bfc062723c751e8b465ee728b)
Start importing Assets/FantaziaCharacterEditor/SpineProjectFile/images/23ARM B3B.png using Guid(82c4b27b0f6c3da408d44ff2e970cd99) Importer(815301076,1909f56bfc062723c751e8b465ee728b)  -> (artifact id: 'e7992fe11cf0270b31d79ccd5bf04e73') in 0.018397 seconds
Number of updated asset objects reloaded before import = 0
Number of asset objects unloaded after import = 3
========================================================================
Received Import Request.
  Time since last request: 0.033944 seconds.
  path: Assets/FantaziaCharacterEditor/SpineProjectFile/images/23LEG B2.png
  artifactKey: Guid(ffa2c349eefa0ae4fba7d1f14d848e22) Importer(815301076,1909f56bfc062723c751e8b465ee728b)
Start importing Assets/FantaziaCharacterEditor/SpineProjectFile/images/23LEG B2.png using Guid(ffa2c349eefa0ae4fba7d1f14d848e22) Importer(815301076,1909f56bfc062723c751e8b465ee728b)  -> (artifact id: '790bb16732aa0eca25abd06f36080fc8') in 0.021534 seconds
Number of updated asset objects reloaded before import = 0
Number of asset objects unloaded after import = 3
========================================================================
Received Import Request.
  Time since last request: 0.000017 seconds.
  path: Assets/FantaziaCharacterEditor/SpineProjectFile/images/23SHIELD.png
  artifactKey: Guid(d9326acfb35a8284b8e4de3517298e04) Importer(815301076,1909f56bfc062723c751e8b465ee728b)
Start importing Assets/FantaziaCharacterEditor/SpineProjectFile/images/23SHIELD.png using Guid(d9326acfb35a8284b8e4de3517298e04) Importer(815301076,1909f56bfc062723c751e8b465ee728b)  -> (artifact id: '640bb9399cccb5791a12d310c7696fae') in 0.028129 seconds
Number of updated asset objects reloaded before import = 0
Number of asset objects unloaded after import = 3
========================================================================
Received Import Request.
  Time since last request: 0.000019 seconds.
  path: Assets/FantaziaCharacterEditor/SpineProjectFile/images/24ARM A3.png
  artifactKey: Guid(3baf531b1580bbb479bf3de0b1f4446d) Importer(815301076,1909f56bfc062723c751e8b465ee728b)
Start importing Assets/FantaziaCharacterEditor/SpineProjectFile/images/24ARM A3.png using Guid(3baf531b1580bbb479bf3de0b1f4446d) Importer(815301076,1909f56bfc062723c751e8b465ee728b)  -> (artifact id: 'cade6a776115abb93b4dd323eca61f3b') in 0.020764 seconds
Number of updated asset objects reloaded before import = 0
Number of asset objects unloaded after import = 3
========================================================================
Received Import Request.
  Time since last request: 0.000015 seconds.
  path: Assets/FantaziaCharacterEditor/SpineProjectFile/images/24BODY.png
  artifactKey: Guid(755d53b68715e044c96e7f2d33087cdb) Importer(815301076,1909f56bfc062723c751e8b465ee728b)
Start importing Assets/FantaziaCharacterEditor/SpineProjectFile/images/24BODY.png using Guid(755d53b68715e044c96e7f2d33087cdb) Importer(815301076,1909f56bfc062723c751e8b465ee728b)  -> (artifact id: '3e076aa47dd78280d4f3540f9445cfe7') in 0.021257 seconds
Number of updated asset objects reloaded before import = 0
Number of asset objects unloaded after import = 3
========================================================================
Received Import Request.
  Time since last request: 0.000016 seconds.
  path: Assets/FantaziaCharacterEditor/SpineProjectFile/images/24LEG A2.png
  artifactKey: Guid(db4408f4f7a6de247b36a9c95224c65b) Importer(815301076,1909f56bfc062723c751e8b465ee728b)
Start importing Assets/FantaziaCharacterEditor/SpineProjectFile/images/24LEG A2.png using Guid(db4408f4f7a6de247b36a9c95224c65b) Importer(815301076,1909f56bfc062723c751e8b465ee728b)  -> (artifact id: '11a738915df2cc8badae5e6ceb273f92') in 0.022104 seconds
Number of updated asset objects reloaded before import = 0
Number of asset objects unloaded after import = 3
========================================================================
Received Import Request.
  Time since last request: 0.000017 seconds.
  path: Assets/FantaziaCharacterEditor/SpineProjectFile/images/24LEG A3.png
  artifactKey: Guid(35edcf9d89324b447a6e6dc8bfe0abb3) Importer(815301076,1909f56bfc062723c751e8b465ee728b)
Start importing Assets/FantaziaCharacterEditor/SpineProjectFile/images/24LEG A3.png using Guid(35edcf9d89324b447a6e6dc8bfe0abb3) Importer(815301076,1909f56bfc062723c751e8b465ee728b)  -> (artifact id: '1c1888fad99c3e5f81ca14b6cf48a81e') in 0.020066 seconds
Number of updated asset objects reloaded before import = 0
Number of asset objects unloaded after import = 3
========================================================================
Received Import Request.
  Time since last request: 0.000022 seconds.
  path: Assets/FantaziaCharacterEditor/SpineProjectFile/images/24SHOULDER B.png
  artifactKey: Guid(7c60528239e3a06448864295a87d6d32) Importer(815301076,1909f56bfc062723c751e8b465ee728b)
Start importing Assets/FantaziaCharacterEditor/SpineProjectFile/images/24SHOULDER B.png using Guid(7c60528239e3a06448864295a87d6d32) Importer(815301076,1909f56bfc062723c751e8b465ee728b)  -> (artifact id: 'a789c467d03787b950575d44671a1cda') in 0.020454 seconds
Number of updated asset objects reloaded before import = 0
Number of asset objects unloaded after import = 3
========================================================================
Received Import Request.
  Time since last request: 0.000016 seconds.
  path: Assets/FantaziaCharacterEditor/SpineProjectFile/images/24SHOULDER A.png
  artifactKey: Guid(32b85e0c182af13438259cbd1bdeb730) Importer(815301076,1909f56bfc062723c751e8b465ee728b)
Start importing Assets/FantaziaCharacterEditor/SpineProjectFile/images/24SHOULDER A.png using Guid(32b85e0c182af13438259cbd1bdeb730) Importer(815301076,1909f56bfc062723c751e8b465ee728b)  -> (artifact id: '0f0c691046a93f5fb26eb0e9223ad1b8') in 0.019781 seconds
Number of updated asset objects reloaded before import = 0
Number of asset objects unloaded after import = 3
========================================================================
Received Import Request.
  Time since last request: 0.000021 seconds.
  path: Assets/FantaziaCharacterEditor/SpineProjectFile/images/25ARM B1.png
  artifactKey: Guid(a729f3fe31f6fb447a5ad9c307208124) Importer(815301076,1909f56bfc062723c751e8b465ee728b)
Start importing Assets/FantaziaCharacterEditor/SpineProjectFile/images/25ARM B1.png using Guid(a729f3fe31f6fb447a5ad9c307208124) Importer(815301076,1909f56bfc062723c751e8b465ee728b)  -> (artifact id: '4cd1478c57b868c14c12fcf944a18fe4') in 0.022059 seconds
Number of updated asset objects reloaded before import = 0
Number of asset objects unloaded after import = 3
========================================================================
Received Import Request.
  Time since last request: 0.000020 seconds.
  path: Assets/FantaziaCharacterEditor/SpineProjectFile/images/24ARM A2.png
  artifactKey: Guid(ef0e13d324d56184d9f44132b20664d5) Importer(815301076,1909f56bfc062723c751e8b465ee728b)
Start importing Assets/FantaziaCharacterEditor/SpineProjectFile/images/24ARM A2.png using Guid(ef0e13d324d56184d9f44132b20664d5) Importer(815301076,1909f56bfc062723c751e8b465ee728b)  -> (artifact id: 'fce4b6f83cce3a80101f8bd0670dd240') in 0.021578 seconds
Number of updated asset objects reloaded before import = 0
Number of asset objects unloaded after import = 3
========================================================================
Received Import Request.
  Time since last request: 0.000032 seconds.
  path: Assets/FantaziaCharacterEditor/SpineProjectFile/images/24ARM B3F.png
  artifactKey: Guid(4e8615fa65652e249b44027e66b84961) Importer(815301076,1909f56bfc062723c751e8b465ee728b)
Start importing Assets/FantaziaCharacterEditor/SpineProjectFile/images/24ARM B3F.png using Guid(4e8615fa65652e249b44027e66b84961) Importer(815301076,1909f56bfc062723c751e8b465ee728b)  -> (artifact id: '8820f72e04f8a1eb83c3458105548a06') in 0.019977 seconds
Number of updated asset objects reloaded before import = 0
Number of asset objects unloaded after import = 3
========================================================================
Received Import Request.
  Time since last request: 0.011039 seconds.
  path: Assets/FantaziaCharacterEditor/SpineProjectFile/images/26ARM A2.png
  artifactKey: Guid(b24260e44d3fbf24192551d961c7e087) Importer(815301076,1909f56bfc062723c751e8b465ee728b)
Start importing Assets/FantaziaCharacterEditor/SpineProjectFile/images/26ARM A2.png using Guid(b24260e44d3fbf24192551d961c7e087) Importer(815301076,1909f56bfc062723c751e8b465ee728b)  -> (artifact id: '99496742f481873bc45a9996383abe6c') in 0.021538 seconds
Number of updated asset objects reloaded before import = 0
Number of asset objects unloaded after import = 3
========================================================================
Received Import Request.
  Time since last request: 0.000017 seconds.
  path: Assets/FantaziaCharacterEditor/SpineProjectFile/images/26LEG A1.png
  artifactKey: Guid(f68cacb4710728c478214c7cfd42d3a8) Importer(815301076,1909f56bfc062723c751e8b465ee728b)
Start importing Assets/FantaziaCharacterEditor/SpineProjectFile/images/26LEG A1.png using Guid(f68cacb4710728c478214c7cfd42d3a8) Importer(815301076,1909f56bfc062723c751e8b465ee728b)  -> (artifact id: '478dbeeadac27cf1fe0cba1b8efce3d6') in 0.020356 seconds
Number of updated asset objects reloaded before import = 0
Number of asset objects unloaded after import = 3
========================================================================
Received Import Request.
  Time since last request: 0.000789 seconds.
  path: Assets/FantaziaCharacterEditor/SpineProjectFile/images/26QUIVER.png
  artifactKey: Guid(b06022fe000841341abc5d324157dd2b) Importer(815301076,1909f56bfc062723c751e8b465ee728b)
Start importing Assets/FantaziaCharacterEditor/SpineProjectFile/images/26QUIVER.png using Guid(b06022fe000841341abc5d324157dd2b) Importer(815301076,1909f56bfc062723c751e8b465ee728b)  -> (artifact id: '4b4dc69826fc47baf1bef7c4e2fbd746') in 0.023294 seconds
Number of updated asset objects reloaded before import = 0
Number of asset objects unloaded after import = 3
========================================================================
Received Import Request.
  Time since last request: 0.438271 seconds.
  path: Assets/FantaziaCharacterEditor/SpineProjectFile/images/27ARM A3.png
  artifactKey: Guid(251dbb338c6bd7e4f8d3a8189b04113c) Importer(815301076,1909f56bfc062723c751e8b465ee728b)
Start importing Assets/FantaziaCharacterEditor/SpineProjectFile/images/27ARM A3.png using Guid(251dbb338c6bd7e4f8d3a8189b04113c) Importer(815301076,1909f56bfc062723c751e8b465ee728b)  -> (artifact id: '8b310bb7e52605bd4201bf1b70c24d96') in 0.018797 seconds
Number of updated asset objects reloaded before import = 0
Number of asset objects unloaded after import = 3
========================================================================
Received Import Request.
  Time since last request: 0.018450 seconds.
  path: Assets/FantaziaCharacterEditor/SpineProjectFile/images/27SHOULDER A.png
  artifactKey: Guid(734b6b1546f280344bd84c6aec68a808) Importer(815301076,1909f56bfc062723c751e8b465ee728b)
Start importing Assets/FantaziaCharacterEditor/SpineProjectFile/images/27SHOULDER A.png using Guid(734b6b1546f280344bd84c6aec68a808) Importer(815301076,1909f56bfc062723c751e8b465ee728b)  -> (artifact id: '9afc3c76a903f3dd064bd35966c65137') in 0.021775 seconds
Number of updated asset objects reloaded before import = 0
Number of asset objects unloaded after import = 3
========================================================================
Received Import Request.
  Time since last request: 0.035755 seconds.
  path: Assets/FantaziaCharacterEditor/SpineProjectFile/images/28LEG A1.png
  artifactKey: Guid(f953e78b5b964f7448d56d2ce3597279) Importer(815301076,1909f56bfc062723c751e8b465ee728b)
Start importing Assets/FantaziaCharacterEditor/SpineProjectFile/images/28LEG A1.png using Guid(f953e78b5b964f7448d56d2ce3597279) Importer(815301076,1909f56bfc062723c751e8b465ee728b)  -> (artifact id: 'ed5db3d092a522788b644aa4a1f7ac52') in 0.019121 seconds
Number of updated asset objects reloaded before import = 0
Number of asset objects unloaded after import = 3
========================================================================
Received Import Request.
  Time since last request: 0.000018 seconds.
  path: Assets/FantaziaCharacterEditor/SpineProjectFile/images/28QUIVER.png
  artifactKey: Guid(cb0f87c00a378a542a54f0c678b25c99) Importer(815301076,1909f56bfc062723c751e8b465ee728b)
Start importing Assets/FantaziaCharacterEditor/SpineProjectFile/images/28QUIVER.png using Guid(cb0f87c00a378a542a54f0c678b25c99) Importer(815301076,1909f56bfc062723c751e8b465ee728b)  -> (artifact id: '3c770fc1bc18e7d4f5090846b28f8e0e') in 0.018018 seconds
Number of updated asset objects reloaded before import = 0
Number of asset objects unloaded after import = 3
========================================================================
Received Import Request.
  Time since last request: 0.065534 seconds.
  path: Assets/FantaziaCharacterEditor/SpineProjectFile/images/29SHOULDER A.png
  artifactKey: Guid(dd35deafc70c8d349bb9be730fefc3d6) Importer(815301076,1909f56bfc062723c751e8b465ee728b)
Start importing Assets/FantaziaCharacterEditor/SpineProjectFile/images/29SHOULDER A.png using Guid(dd35deafc70c8d349bb9be730fefc3d6) Importer(815301076,1909f56bfc062723c751e8b465ee728b)  -> (artifact id: 'cb5055c50084da9e5ec779a3c3c58fb2') in 0.021801 seconds
Number of updated asset objects reloaded before import = 0
Number of asset objects unloaded after import = 3
========================================================================
Received Import Request.
  Time since last request: 0.010123 seconds.
  path: Assets/FantaziaCharacterEditor/SpineProjectFile/images/30LEG A2.png
  artifactKey: Guid(44ffb959c95063a4185be43c477095f5) Importer(815301076,1909f56bfc062723c751e8b465ee728b)
Start importing Assets/FantaziaCharacterEditor/SpineProjectFile/images/30LEG A2.png using Guid(44ffb959c95063a4185be43c477095f5) Importer(815301076,1909f56bfc062723c751e8b465ee728b)  -> (artifact id: '04346e14db887e9cfe4c47683c75709f') in 0.021060 seconds
Number of updated asset objects reloaded before import = 0
Number of asset objects unloaded after import = 3
========================================================================
Received Import Request.
  Time since last request: 0.000016 seconds.
  path: Assets/FantaziaCharacterEditor/SpineProjectFile/images/30SHOULDER A.png
  artifactKey: Guid(8b06c27771811f442ab80bf633897fb9) Importer(815301076,1909f56bfc062723c751e8b465ee728b)
Start importing Assets/FantaziaCharacterEditor/SpineProjectFile/images/30SHOULDER A.png using Guid(8b06c27771811f442ab80bf633897fb9) Importer(815301076,1909f56bfc062723c751e8b465ee728b)  -> (artifact id: '14f16d913f7dbbddb28031b105a15730') in 0.022197 seconds
Number of updated asset objects reloaded before import = 0
Number of asset objects unloaded after import = 3
========================================================================
Received Import Request.
  Time since last request: 0.000020 seconds.
  path: Assets/FantaziaCharacterEditor/SpineProjectFile/images/31ARM A1.png
  artifactKey: Guid(86a899ba870d58d40bad0a107184eeca) Importer(815301076,1909f56bfc062723c751e8b465ee728b)
Start importing Assets/FantaziaCharacterEditor/SpineProjectFile/images/31ARM A1.png using Guid(86a899ba870d58d40bad0a107184eeca) Importer(815301076,1909f56bfc062723c751e8b465ee728b)  -> (artifact id: '407f568ae07cbe5f23ef5deecdb1e92b') in 0.023699 seconds
Number of updated asset objects reloaded before import = 0
Number of asset objects unloaded after import = 3
Editor requested this worker to shutdown with reason: Scaling down because of idle timeout
TcpMessagingSession - receive error: operation aborted. errorcode: 995, details: 스레드 종료 또는 응용 프로그램 요청 때문에 I/O 작업이 취소되었습니다.
AssetImportWorker is now disconnected from the server
Process exiting
Exiting without the bug reporter. Application will terminate with return code 0