Using pre-set license
Built from '2022.3/staging' branch; Version is '2022.3.9f1 (ea401c316338) revision 15351836'; Using compiler version '192829333'; Build Type 'Release'
OS: 'Windows 10  (10.0.19045) 64bit Core' Language: 'ko' Physical Memory: 8051 MB
BatchMode: 1, IsHumanControllingUs: 0, StartBugReporterOnCrash: 0, Is64bit: 1, IsPro: 1

COMMAND LINE ARGUMENTS:
C:\Program Files\Unity\Hub\Editor\2022.3.9f1\Editor\Unity.exe
-adb2
-batchMode
-noUpm
-name
AssetImportWorker4
-projectPath
C:/Users/USER/Desktop/Unity/DarkDice/DarkDice
-logFile
Logs/AssetImportWorker4.log
-srvPort
52222
Successfully changed project path to: C:/Users/USER/Desktop/Unity/DarkDice/DarkDice
C:/Users/USER/Desktop/Unity/DarkDice/DarkDice
[UnityMemory] Configuration Parameters - Can be set up in boot.config
    "memorysetup-bucket-allocator-granularity=16"
    "memorysetup-bucket-allocator-bucket-count=8"
    "memorysetup-bucket-allocator-block-size=33554432"
    "memorysetup-bucket-allocator-block-count=8"
    "memorysetup-main-allocator-block-size=16777216"
    "memorysetup-thread-allocator-block-size=16777216"
    "memorysetup-gfx-main-allocator-block-size=16777216"
    "memorysetup-gfx-thread-allocator-block-size=16777216"
    "memorysetup-cache-allocator-block-size=4194304"
    "memorysetup-typetree-allocator-block-size=2097152"
    "memorysetup-profiler-bucket-allocator-granularity=16"
    "memorysetup-profiler-bucket-allocator-bucket-count=8"
    "memorysetup-profiler-bucket-allocator-block-size=33554432"
    "memorysetup-profiler-bucket-allocator-block-count=8"
    "memorysetup-profiler-allocator-block-size=16777216"
    "memorysetup-profiler-editor-allocator-block-size=1048576"
    "memorysetup-temp-allocator-size-main=16777216"
    "memorysetup-job-temp-allocator-block-size=2097152"
    "memorysetup-job-temp-allocator-block-size-background=1048576"
    "memorysetup-job-temp-allocator-reduction-small-platforms=262144"
    "memorysetup-allocator-temp-initial-block-size-main=262144"
    "memorysetup-allocator-temp-initial-block-size-worker=262144"
    "memorysetup-temp-allocator-size-background-worker=32768"
    "memorysetup-temp-allocator-size-job-worker=262144"
    "memorysetup-temp-allocator-size-preload-manager=33554432"
    "memorysetup-temp-allocator-size-nav-mesh-worker=65536"
    "memorysetup-temp-allocator-size-audio-worker=65536"
    "memorysetup-temp-allocator-size-cloud-worker=32768"
    "memorysetup-temp-allocator-size-gi-baking-worker=262144"
    "memorysetup-temp-allocator-size-gfx=262144"
Player connection [5688] Host "[IP] 192.168.0.223 [Port] 0 [Flags] 2 [Guid] 2378929493 [EditorId] 2378929493 [Version] 1048832 [Id] WindowsEditor(7,DESKTOP-B0LEH0Q) [Debug] 1 [PackageName] WindowsEditor [ProjectName] Editor" joined multi-casting on [225.0.0.222:54997]...

Player connection [5688] Host "[IP] 192.168.0.223 [Port] 0 [Flags] 2 [Guid] 2378929493 [EditorId] 2378929493 [Version] 1048832 [Id] WindowsEditor(7,DESKTOP-B0LEH0Q) [Debug] 1 [PackageName] WindowsEditor [ProjectName] Editor" joined alternative multi-casting on [225.0.0.222:34997]...

[Physics::Module] Initialized MultithreadedJobDispatcher with 3 workers.
Refreshing native plugins compatible for Editor in 20.80 ms, found 4 plugins.
Preloading 0 native plugins for Editor in 0.00 ms.
Initialize engine version: 2022.3.9f1 (ea401c316338)
[Subsystems] Discovering subsystems at path C:/Program Files/Unity/Hub/Editor/2022.3.9f1/Editor/Data/Resources/UnitySubsystems
[Subsystems] Discovering subsystems at path C:/Users/USER/Desktop/Unity/DarkDice/DarkDice/Assets
GfxDevice: creating device client; threaded=0; jobified=0
Direct3D:
    Version:  Direct3D 11.0 [level 11.1]
    Renderer: Intel(R) HD Graphics 620 (ID=0x5916)
    Vendor:   Intel
    VRAM:     4025 MB
    Driver:   31.0.101.2111
Initialize mono
Mono path[0] = 'C:/Program Files/Unity/Hub/Editor/2022.3.9f1/Editor/Data/Managed'
Mono path[1] = 'C:/Program Files/Unity/Hub/Editor/2022.3.9f1/Editor/Data/MonoBleedingEdge/lib/mono/unityjit-win32'
Mono config path = 'C:/Program Files/Unity/Hub/Editor/2022.3.9f1/Editor/Data/MonoBleedingEdge/etc'
Using monoOptions --debugger-agent=transport=dt_socket,embedding=1,server=y,suspend=n,address=127.0.0.1:56924
Begin MonoManager ReloadAssembly
Registering precompiled unity dll's ...
Register platform support module: C:/Program Files/Unity/Hub/Editor/2022.3.9f1/Editor/Data/PlaybackEngines/AndroidPlayer/UnityEditor.Android.Extensions.dll
Register platform support module: C:/Program Files/Unity/Hub/Editor/2022.3.9f1/Editor/Data/PlaybackEngines/WindowsStandaloneSupport/UnityEditor.WindowsStandalone.Extensions.dll
Registered in 0.019403 seconds.
- Loaded All Assemblies, in  0.705 seconds
Native extension for WindowsStandalone target not found
Native extension for Android target not found
Android Extension - Scanning For ADB Devices 423 ms
Mono: successfully reloaded assembly
- Finished resetting the current domain, in  1.072 seconds
Domain Reload Profiling: 1772ms
	BeginReloadAssembly (181ms)
		ExecutionOrderSort (0ms)
		DisableScriptedObjects (0ms)
		BackupInstance (0ms)
		ReleaseScriptingObjects (0ms)
		CreateAndSetChildDomain (1ms)
	RebuildCommonClasses (57ms)
	RebuildNativeTypeToScriptingClass (19ms)
	initialDomainReloadingComplete (202ms)
	LoadAllAssembliesAndSetupDomain (241ms)
		LoadAssemblies (181ms)
		RebuildTransferFunctionScriptingTraits (0ms)
		AnalyzeDomain (236ms)
			TypeCache.Refresh (231ms)
				TypeCache.ScanAssembly (210ms)
			ScanForSourceGeneratedMonoScriptInfo (1ms)
			ResolveRequiredComponents (1ms)
	FinalizeReload (1073ms)
		ReleaseScriptCaches (0ms)
		RebuildScriptCaches (0ms)
		SetupLoadedEditorAssemblies (847ms)
			LogAssemblyErrors (0ms)
			InitializePlatformSupportModulesInManaged (598ms)
			SetLoadedEditorAssemblies (7ms)
			RefreshPlugins (0ms)
			BeforeProcessingInitializeOnLoad (4ms)
			ProcessInitializeOnLoadAttributes (159ms)
			ProcessInitializeOnLoadMethodAttributes (78ms)
			AfterProcessingInitializeOnLoad (0ms)
			EditorAssembliesLoaded (0ms)
		ExecutionOrderSort2 (0ms)
		AwakeInstancesAfterBackupRestoration (0ms)
========================================================================
Worker process is ready to serve import requests
Begin MonoManager ReloadAssembly
- Loaded All Assemblies, in  1.424 seconds
Refreshing native plugins compatible for Editor in 9.56 ms, found 4 plugins.
Native extension for WindowsStandalone target not found
Native extension for Android target not found
Package Manager log level set to [2]
[Package Manager] Server::EnsureServerProcessIsRunning -- launch failed, reason: Unity was launched with the -noUpm command-line argument
[Package Manager] UpmClient::Send -- Unable to send message (not connected to UPM process).
[Package Manager] Cannot connect to Unity Package Manager local server
Mono: successfully reloaded assembly
- Finished resetting the current domain, in  1.484 seconds
Domain Reload Profiling: 2905ms
	BeginReloadAssembly (324ms)
		ExecutionOrderSort (0ms)
		DisableScriptedObjects (8ms)
		BackupInstance (0ms)
		ReleaseScriptingObjects (0ms)
		CreateAndSetChildDomain (36ms)
	RebuildCommonClasses (75ms)
	RebuildNativeTypeToScriptingClass (20ms)
	initialDomainReloadingComplete (75ms)
	LoadAllAssembliesAndSetupDomain (926ms)
		LoadAssemblies (729ms)
		RebuildTransferFunctionScriptingTraits (0ms)
		AnalyzeDomain (412ms)
			TypeCache.Refresh (338ms)
				TypeCache.ScanAssembly (302ms)
			ScanForSourceGeneratedMonoScriptInfo (48ms)
			ResolveRequiredComponents (23ms)
	FinalizeReload (1485ms)
		ReleaseScriptCaches (0ms)
		RebuildScriptCaches (0ms)
		SetupLoadedEditorAssemblies (1145ms)
			LogAssemblyErrors (0ms)
			InitializePlatformSupportModulesInManaged (45ms)
			SetLoadedEditorAssemblies (7ms)
			RefreshPlugins (0ms)
			BeforeProcessingInitializeOnLoad (217ms)
			ProcessInitializeOnLoadAttributes (784ms)
			ProcessInitializeOnLoadMethodAttributes (81ms)
			AfterProcessingInitializeOnLoad (11ms)
			EditorAssembliesLoaded (0ms)
		ExecutionOrderSort2 (0ms)
		AwakeInstancesAfterBackupRestoration (10ms)
Launched and connected shader compiler UnityShaderCompiler.exe after 0.08 seconds
Refreshing native plugins compatible for Editor in 6.94 ms, found 4 plugins.
Preloading 0 native plugins for Editor in 0.00 ms.
Unloading 4347 Unused Serialized files (Serialized files now loaded: 0)
Unloading 84 unused Assets / (1.4 MB). Loaded Objects now: 4797.
Memory consumption went from 165.6 MB to 164.2 MB.
Total: 8.637100 ms (FindLiveObjects: 0.546800 ms CreateObjectMapping: 0.605300 ms MarkObjects: 5.953000 ms  DeleteObjects: 1.530800 ms)

AssetImportParameters requested are different than current active one (requested -> active):
  custom:container-demuxer-ogg: 62fdf1f143b41e24485cea50d1cbac27 -> 
  custom:video-decoder-ogg-theora: a1e56fd34408186e4bbccfd4996cb3dc -> 
  custom:framework-win-MediaFoundation: 216162199b28c13a410421893ffa2e32 -> 
  custom:CustomObjectIndexerAttribute: 756ad292c208cfabdd7b50bc23989ffe -> 
  custom:container-demuxer-webm: 4f35f7cbe854078d1ac9338744f61a02 -> 
  custom:container-muxer-webm: aa71ff27fc2769a1b78a27578f13a17b -> 
  custom:video-decoder-webm-vp8: 9c59270c3fd7afecdb556c50c9e8de78 -> 
  custom:SearchIndexIgnoredProperties: e643bd26f0fe6173181afceb89e7c659 -> 
  custom:AudioImporter_EditorPlatform: d09bf68614088b80899f8185d706f6e7 -> 
  custom:video-encoder-webm-vp8: eb34c28f22e8b96e1ab97ce403110664 -> 
  custom:audio-decoder-ogg-vorbis: bf7c407c2cedff20999df2af8eb42d56 -> 
  custom:audio-encoder-webm-vorbis: bf7c407c2cedff20999df2af8eb42d56 -> 
========================================================================
Received Import Request.
  Time since last request: 2630056.220635 seconds.
  path: Assets/FantaziaCharacterEditor/SpineProjectFile/images/0HAIR.png
  artifactKey: Guid(78e3a26ff9d64f74ca53f548c4ab8ab4) Importer(815301076,1909f56bfc062723c751e8b465ee728b)
Start importing Assets/FantaziaCharacterEditor/SpineProjectFile/images/0HAIR.png using Guid(78e3a26ff9d64f74ca53f548c4ab8ab4) Importer(815301076,1909f56bfc062723c751e8b465ee728b)  -> (artifact id: 'a51ce5cb63ae3afcd82e6a9aeb4535ad') in 0.441777 seconds
Number of updated asset objects reloaded before import = 0
Number of asset objects unloaded after import = 3
========================================================================
Received Import Request.
  Time since last request: 0.000714 seconds.
  path: Assets/FantaziaCharacterEditor/SpineProjectFile/images/1ARM B2.png
  artifactKey: Guid(a7dc7da573032aa4bb033a6e2c01df73) Importer(815301076,1909f56bfc062723c751e8b465ee728b)
Start importing Assets/FantaziaCharacterEditor/SpineProjectFile/images/1ARM B2.png using Guid(a7dc7da573032aa4bb033a6e2c01df73) Importer(815301076,1909f56bfc062723c751e8b465ee728b)  -> (artifact id: 'ec28f614eb5337b729c89eaa7f934d92') in 0.349810 seconds
Number of updated asset objects reloaded before import = 0
Number of asset objects unloaded after import = 3
========================================================================
Received Import Request.
  Time since last request: 1.312649 seconds.
  path: Assets/FantaziaCharacterEditor/SpineProjectFile/images/1HEAD EYES CLOSED.png
  artifactKey: Guid(23152631a29a9a14980d1650d19700aa) Importer(815301076,1909f56bfc062723c751e8b465ee728b)
Start importing Assets/FantaziaCharacterEditor/SpineProjectFile/images/1HEAD EYES CLOSED.png using Guid(23152631a29a9a14980d1650d19700aa) Importer(815301076,1909f56bfc062723c751e8b465ee728b)  -> (artifact id: '730fe617f4b6bbfccde362a4b868ed04') in 0.142235 seconds
Number of updated asset objects reloaded before import = 0
Number of asset objects unloaded after import = 3
========================================================================
Received Import Request.
  Time since last request: 0.000227 seconds.
  path: Assets/FantaziaCharacterEditor/SpineProjectFile/images/1SHOULDER B.png
  artifactKey: Guid(995ef37ff95c8e4469a310883da1779d) Importer(815301076,1909f56bfc062723c751e8b465ee728b)
Start importing Assets/FantaziaCharacterEditor/SpineProjectFile/images/1SHOULDER B.png using Guid(995ef37ff95c8e4469a310883da1779d) Importer(815301076,1909f56bfc062723c751e8b465ee728b)  -> (artifact id: 'dbcd649c5f0f007be5eff0e88d570863') in 0.200383 seconds
Number of updated asset objects reloaded before import = 0
Number of asset objects unloaded after import = 3
========================================================================
Received Import Request.
  Time since last request: 0.476331 seconds.
  path: Assets/FantaziaCharacterEditor/SpineProjectFile/images/2SHIELD.png
  artifactKey: Guid(c7dc0c39d8235ef409f438a3adf9473a) Importer(815301076,1909f56bfc062723c751e8b465ee728b)
Start importing Assets/FantaziaCharacterEditor/SpineProjectFile/images/2SHIELD.png using Guid(c7dc0c39d8235ef409f438a3adf9473a) Importer(815301076,1909f56bfc062723c751e8b465ee728b)  -> (artifact id: '40f95f17c8100217ff941ccb38786291') in 0.167165 seconds
Number of updated asset objects reloaded before import = 0
Number of asset objects unloaded after import = 3
========================================================================
Received Import Request.
  Time since last request: 0.000052 seconds.
  path: Assets/FantaziaCharacterEditor/SpineProjectFile/images/2SHOULDER B.png
  artifactKey: Guid(dc557e9b87053f04b955a56a83512abb) Importer(815301076,1909f56bfc062723c751e8b465ee728b)
Start importing Assets/FantaziaCharacterEditor/SpineProjectFile/images/2SHOULDER B.png using Guid(dc557e9b87053f04b955a56a83512abb) Importer(815301076,1909f56bfc062723c751e8b465ee728b)  -> (artifact id: '61f78ad738e4bcbe3bfa5532a6418e16') in 0.135040 seconds
Number of updated asset objects reloaded before import = 0
Number of asset objects unloaded after import = 3
========================================================================
Received Import Request.
  Time since last request: 19.556507 seconds.
  path: Assets/Sprite/BackGround/lobby.png
  artifactKey: Guid(92cfd5f4c9faad6418433cbcecb3ebe8) Importer(815301076,1909f56bfc062723c751e8b465ee728b)
Start importing Assets/Sprite/BackGround/lobby.png using Guid(92cfd5f4c9faad6418433cbcecb3ebe8) Importer(815301076,1909f56bfc062723c751e8b465ee728b)  -> (artifact id: 'b5127b3f7b6d8cfea841e6b4a7744ec9') in 0.388668 seconds
Number of updated asset objects reloaded before import = 0
Number of asset objects unloaded after import = 3
========================================================================
Received Import Request.
  Time since last request: 0.000030 seconds.
  path: Assets/Sprite/BackGround/stage1&2.png
  artifactKey: Guid(f78aecca2bd53ea43bdace4565996135) Importer(815301076,1909f56bfc062723c751e8b465ee728b)
Start importing Assets/Sprite/BackGround/stage1&2.png using Guid(f78aecca2bd53ea43bdace4565996135) Importer(815301076,1909f56bfc062723c751e8b465ee728b)  -> (artifact id: '0da72989b0186a9381434038496d8e36') in 0.415047 seconds
Number of updated asset objects reloaded before import = 0
Number of asset objects unloaded after import = 3
========================================================================
Received Import Request.
  Time since last request: 0.003562 seconds.
  path: Assets/Sprite/BATTLETEXT/FAIL.png
  artifactKey: Guid(74236c5ffb266c149800b627a0436c89) Importer(815301076,1909f56bfc062723c751e8b465ee728b)
Start importing Assets/Sprite/BATTLETEXT/FAIL.png using Guid(74236c5ffb266c149800b627a0436c89) Importer(815301076,1909f56bfc062723c751e8b465ee728b)  -> (artifact id: 'c12f09709048c168a334b2b8b96570ce') in 0.262160 seconds
Number of updated asset objects reloaded before import = 0
Number of asset objects unloaded after import = 3
========================================================================
Received Import Request.
  Time since last request: 0.000036 seconds.
  path: Assets/Sprite/BackGround/Stage5.mat
  artifactKey: Guid(55f6d244d7ab0934cbe2e286db53fa0e) Importer(815301076,1909f56bfc062723c751e8b465ee728b)
Start importing Assets/Sprite/BackGround/Stage5.mat using Guid(55f6d244d7ab0934cbe2e286db53fa0e) Importer(815301076,1909f56bfc062723c751e8b465ee728b)  -> (artifact id: '3646c17c6855cb03065cf2fb0ffc769f') in 1.173712 seconds
Number of updated asset objects reloaded before import = 0
Number of asset objects unloaded after import = 2
========================================================================
Received Import Request.
  Time since last request: 0.000046 seconds.
  path: Assets/Sprite/CutScene/컷씬 end.png
  artifactKey: Guid(f4d7668710b1ccd41a2c7ea7d264c01d) Importer(815301076,1909f56bfc062723c751e8b465ee728b)
Start importing Assets/Sprite/CutScene/컷씬 end.png using Guid(f4d7668710b1ccd41a2c7ea7d264c01d) Importer(815301076,1909f56bfc062723c751e8b465ee728b)  -> (artifact id: '4bff69ab5188588daf4a0960fff813fc') in 0.388875 seconds
Number of updated asset objects reloaded before import = 0
Number of asset objects unloaded after import = 3
========================================================================
Received Import Request.
  Time since last request: 0.000030 seconds.
  path: Assets/Sprite/BackGround/Stage4.mat
  artifactKey: Guid(96d3ea68368f8fa49ac2a4547d802947) Importer(815301076,1909f56bfc062723c751e8b465ee728b)
Start importing Assets/Sprite/BackGround/Stage4.mat using Guid(96d3ea68368f8fa49ac2a4547d802947) Importer(815301076,1909f56bfc062723c751e8b465ee728b)  -> (artifact id: 'c7225ba14f17495aa86fdd99ecee0484') in 0.492391 seconds
Number of updated asset objects reloaded before import = 0
Number of asset objects unloaded after import = 2
========================================================================
Received Import Request.
  Time since last request: 0.013490 seconds.
  path: Assets/Sprite/Dice/Atk_Icon.png
  artifactKey: Guid(d6dceff6bae6d9044becf008c50d3323) Importer(815301076,1909f56bfc062723c751e8b465ee728b)
Start importing Assets/Sprite/Dice/Atk_Icon.png using Guid(d6dceff6bae6d9044becf008c50d3323) Importer(815301076,1909f56bfc062723c751e8b465ee728b)  -> (artifact id: '43ee5774d2074d931a9c249b42c660e3') in 0.250110 seconds
Number of updated asset objects reloaded before import = 0
Number of asset objects unloaded after import = 3
========================================================================
Received Import Request.
  Time since last request: 0.001926 seconds.
  path: Assets/Sprite/Dice/Def_Icon.png
  artifactKey: Guid(d3e75ca7cd5cdc44eaf4e51b19afb6cb) Importer(815301076,1909f56bfc062723c751e8b465ee728b)
Start importing Assets/Sprite/Dice/Def_Icon.png using Guid(d3e75ca7cd5cdc44eaf4e51b19afb6cb) Importer(815301076,1909f56bfc062723c751e8b465ee728b)  -> (artifact id: '82b84fb8d07d6e8dfd2a60cc735b16bb') in 0.242275 seconds
Number of updated asset objects reloaded before import = 0
Number of asset objects unloaded after import = 3
========================================================================
Received Import Request.
  Time since last request: 0.000035 seconds.
  path: Assets/Sprite/Dice/AtkDice4.png
  artifactKey: Guid(3cab248467896824e8d56ea4950f1f35) Importer(815301076,1909f56bfc062723c751e8b465ee728b)
Start importing Assets/Sprite/Dice/AtkDice4.png using Guid(3cab248467896824e8d56ea4950f1f35) Importer(815301076,1909f56bfc062723c751e8b465ee728b)  -> (artifact id: 'be67868da98e38338cc3305e7744a00b') in 0.251049 seconds
Number of updated asset objects reloaded before import = 0
Number of asset objects unloaded after import = 3
========================================================================
Received Import Request.
  Time since last request: 0.000318 seconds.
  path: Assets/Sprite/Dice/DefDice1.png
  artifactKey: Guid(4453bd5601f332244be074869b116b63) Importer(815301076,1909f56bfc062723c751e8b465ee728b)
Start importing Assets/Sprite/Dice/DefDice1.png using Guid(4453bd5601f332244be074869b116b63) Importer(815301076,1909f56bfc062723c751e8b465ee728b)  -> (artifact id: '01df14cf7a9aef353c56106e197eb671') in 0.140178 seconds
Number of updated asset objects reloaded before import = 0
Number of asset objects unloaded after import = 3
========================================================================
Received Import Request.
  Time since last request: 0.078342 seconds.
  path: Assets/Sprite/God/God1.png
  artifactKey: Guid(aaf5784e2d32f9a4981613c97589cfba) Importer(815301076,1909f56bfc062723c751e8b465ee728b)
Start importing Assets/Sprite/God/God1.png using Guid(aaf5784e2d32f9a4981613c97589cfba) Importer(815301076,1909f56bfc062723c751e8b465ee728b)  -> (artifact id: '1d6b1143b987d9481cc8767f55ded910') in 0.688767 seconds
Number of updated asset objects reloaded before import = 0
Number of asset objects unloaded after import = 3
========================================================================
Received Import Request.
  Time since last request: 0.528945 seconds.
  path: Assets/Sprite/Item/Before_Chance.png
  artifactKey: Guid(24b380ded925af249bdc92244f994138) Importer(815301076,1909f56bfc062723c751e8b465ee728b)
Start importing Assets/Sprite/Item/Before_Chance.png using Guid(24b380ded925af249bdc92244f994138) Importer(815301076,1909f56bfc062723c751e8b465ee728b)  -> (artifact id: '552ab43439c9b79f189f5a23a204582f') in 0.421822 seconds
Number of updated asset objects reloaded before import = 0
Number of asset objects unloaded after import = 3
========================================================================
Received Import Request.
  Time since last request: 0.000034 seconds.
  path: Assets/Sprite/Item/DoubleAtk.png
  artifactKey: Guid(26e64a77bb872634e832156145a3265d) Importer(815301076,1909f56bfc062723c751e8b465ee728b)
Start importing Assets/Sprite/Item/DoubleAtk.png using Guid(26e64a77bb872634e832156145a3265d) Importer(815301076,1909f56bfc062723c751e8b465ee728b)  -> (artifact id: '76e0bbad9b93d2e3f88b4bf5da980325') in 0.851411 seconds
Number of updated asset objects reloaded before import = 0
Number of asset objects unloaded after import = 3
========================================================================
Received Import Request.
  Time since last request: 0.000288 seconds.
  path: Assets/Sprite/Item/Before_Heal.png
  artifactKey: Guid(bc323450f21c36945854af6636b48280) Importer(815301076,1909f56bfc062723c751e8b465ee728b)
Start importing Assets/Sprite/Item/Before_Heal.png using Guid(bc323450f21c36945854af6636b48280) Importer(815301076,1909f56bfc062723c751e8b465ee728b)  -> (artifact id: '564c384a180083299d8b05b5d710f091') in 0.206886 seconds
Number of updated asset objects reloaded before import = 0
Number of asset objects unloaded after import = 3
========================================================================
Received Import Request.
  Time since last request: 0.009899 seconds.
  path: Assets/Sprite/Tutorial/battleinfo.png
  artifactKey: Guid(11a2711ac5539454d8d48891c070b9c1) Importer(815301076,1909f56bfc062723c751e8b465ee728b)
Start importing Assets/Sprite/Tutorial/battleinfo.png using Guid(11a2711ac5539454d8d48891c070b9c1) Importer(815301076,1909f56bfc062723c751e8b465ee728b)  -> (artifact id: '54db8f8df538a720f02cfea589f4cb53') in 0.506709 seconds
Number of updated asset objects reloaded before import = 0
Number of asset objects unloaded after import = 3
========================================================================
Received Import Request.
  Time since last request: 0.000259 seconds.
  path: Assets/Sprite/Tutorial/character_statusinfo.png
  artifactKey: Guid(67be7a7a0f47fa94fbf861b8c2edc16e) Importer(815301076,1909f56bfc062723c751e8b465ee728b)
Start importing Assets/Sprite/Tutorial/character_statusinfo.png using Guid(67be7a7a0f47fa94fbf861b8c2edc16e) Importer(815301076,1909f56bfc062723c751e8b465ee728b)  -> (artifact id: '9cde561c3f16f7edcbd41323682d5592') in 0.807936 seconds
Number of updated asset objects reloaded before import = 0
Number of asset objects unloaded after import = 3
========================================================================
Received Import Request.
  Time since last request: 0.000882 seconds.
  path: Assets/Sprite/UI/BLANK BUTTON.png
  artifactKey: Guid(296be24e2fbbf1f469889b9b7a0ff51a) Importer(815301076,1909f56bfc062723c751e8b465ee728b)
Start importing Assets/Sprite/UI/BLANK BUTTON.png using Guid(296be24e2fbbf1f469889b9b7a0ff51a) Importer(815301076,1909f56bfc062723c751e8b465ee728b)  -> (artifact id: '647c0507d8dc5b8018e445b031938669') in 0.299334 seconds
Number of updated asset objects reloaded before import = 0
Number of asset objects unloaded after import = 3
========================================================================
Received Import Request.
  Time since last request: 0.000028 seconds.
  path: Assets/Sprite/UI/button_attack.png
  artifactKey: Guid(fef47984278fc6e428adb6cb68c4fee4) Importer(815301076,1909f56bfc062723c751e8b465ee728b)
Start importing Assets/Sprite/UI/button_attack.png using Guid(fef47984278fc6e428adb6cb68c4fee4) Importer(815301076,1909f56bfc062723c751e8b465ee728b)  -> (artifact id: 'f1b8cc9005e66ec1eb1fae2ae50a2045') in 0.279033 seconds
Number of updated asset objects reloaded before import = 0
Number of asset objects unloaded after import = 3
========================================================================
Received Import Request.
  Time since last request: 0.000035 seconds.
  path: Assets/Sprite/UI/button_conclusion.png
  artifactKey: Guid(aa9d48141ff81e7459f869378c997eca) Importer(815301076,1909f56bfc062723c751e8b465ee728b)
Start importing Assets/Sprite/UI/button_conclusion.png using Guid(aa9d48141ff81e7459f869378c997eca) Importer(815301076,1909f56bfc062723c751e8b465ee728b)  -> (artifact id: '091a23c9f0e465e40387cd1e981c2c5f') in 0.616065 seconds
Number of updated asset objects reloaded before import = 0
Number of asset objects unloaded after import = 3
========================================================================
Received Import Request.
  Time since last request: 0.000032 seconds.
  path: Assets/Sprite/Weapon/shield_1.png
  artifactKey: Guid(d6b0db27f07c98449afa05ea29d7935f) Importer(815301076,1909f56bfc062723c751e8b465ee728b)
Start importing Assets/Sprite/Weapon/shield_1.png using Guid(d6b0db27f07c98449afa05ea29d7935f) Importer(815301076,1909f56bfc062723c751e8b465ee728b)  -> (artifact id: 'ba249b9922aca4ed15e74abecb78b9a0') in 0.342620 seconds
Number of updated asset objects reloaded before import = 0
Number of asset objects unloaded after import = 3
========================================================================
Received Import Request.
  Time since last request: 0.000259 seconds.
  path: Assets/Sprite/Weapon/shield2_locked.png
  artifactKey: Guid(c719ef5b35efef94c9f88f04c268647c) Importer(815301076,1909f56bfc062723c751e8b465ee728b)
Start importing Assets/Sprite/Weapon/shield2_locked.png using Guid(c719ef5b35efef94c9f88f04c268647c) Importer(815301076,1909f56bfc062723c751e8b465ee728b)  -> (artifact id: 'a79aaf9aa9c45bb94227a3d0919a6960') in 0.230444 seconds
Number of updated asset objects reloaded before import = 0
Number of asset objects unloaded after import = 3
========================================================================
Received Import Request.
  Time since last request: 0.000028 seconds.
  path: Assets/Sprite/Weapon/shield_4.png
  artifactKey: Guid(ffe06af73b4fcd54da355d197c6d76ca) Importer(815301076,1909f56bfc062723c751e8b465ee728b)
Start importing Assets/Sprite/Weapon/shield_4.png using Guid(ffe06af73b4fcd54da355d197c6d76ca) Importer(815301076,1909f56bfc062723c751e8b465ee728b)  -> (artifact id: '18ba7819bbfaf3ac015ac1035c1fd0fd') in 0.877098 seconds
Number of updated asset objects reloaded before import = 0
Number of asset objects unloaded after import = 3
========================================================================
Received Import Request.
  Time since last request: 0.000308 seconds.
  path: Assets/Sprite/Weapon/shield5_locked.png
  artifactKey: Guid(267d2b3d1b03d1d45b9784ed2f98b2c2) Importer(815301076,1909f56bfc062723c751e8b465ee728b)
Start importing Assets/Sprite/Weapon/shield5_locked.png using Guid(267d2b3d1b03d1d45b9784ed2f98b2c2) Importer(815301076,1909f56bfc062723c751e8b465ee728b)  -> (artifact id: '3dabafb237d9e558b48973a363d80574') in 0.191911 seconds
Number of updated asset objects reloaded before import = 0
Number of asset objects unloaded after import = 3
========================================================================
Received Import Request.
  Time since last request: 24.358207 seconds.
  path: Assets/Scritable/Weapon_D/D_Weapon0.asset
  artifactKey: Guid(7c0a42528c8d2f048bbaa8f4f6de49ce) Importer(815301076,1909f56bfc062723c751e8b465ee728b)
Start importing Assets/Scritable/Weapon_D/D_Weapon0.asset using Guid(7c0a42528c8d2f048bbaa8f4f6de49ce) Importer(815301076,1909f56bfc062723c751e8b465ee728b)  -> (artifact id: '6863d03a0f875985ff6992260dc41c40') in 0.004517 seconds
Number of updated asset objects reloaded before import = 0
Number of asset objects unloaded after import = 2
========================================================================
Received Import Request.
  Time since last request: 14.621615 seconds.
  path: Assets/Sprite/Weapon/sword2_locked.png
  artifactKey: Guid(d91e077611b806a49a4b70c46fbb79b9) Importer(815301076,1909f56bfc062723c751e8b465ee728b)
Start importing Assets/Sprite/Weapon/sword2_locked.png using Guid(d91e077611b806a49a4b70c46fbb79b9) Importer(815301076,1909f56bfc062723c751e8b465ee728b)  -> (artifact id: '59be99cc6bc4a9ab90707588561b4813') in 0.250976 seconds
Number of updated asset objects reloaded before import = 0
Number of asset objects unloaded after import = 3
========================================================================
Received Import Request.
  Time since last request: 0.522280 seconds.
  path: Assets/Sprite/Weapon/sword5_locked.png
  artifactKey: Guid(4a2027175b2be344d9bde8463a6187e9) Importer(815301076,1909f56bfc062723c751e8b465ee728b)
Start importing Assets/Sprite/Weapon/sword5_locked.png using Guid(4a2027175b2be344d9bde8463a6187e9) Importer(815301076,1909f56bfc062723c751e8b465ee728b)  -> (artifact id: 'd901fe68d382f452c5bb3c9fd288443a') in 0.200050 seconds
Number of updated asset objects reloaded before import = 0
Number of asset objects unloaded after import = 3
========================================================================
Received Import Request.
  Time since last request: 108.588078 seconds.
  path: Assets/Sprite/Weapon/weapon3.png
  artifactKey: Guid(ba1ea9581454f334f9694b3bbfda33a4) Importer(815301076,1909f56bfc062723c751e8b465ee728b)
Start importing Assets/Sprite/Weapon/weapon3.png using Guid(ba1ea9581454f334f9694b3bbfda33a4) Importer(815301076,1909f56bfc062723c751e8b465ee728b)  -> (artifact id: '9e79f264562538dd5ff688ff25530d38') in 0.188496 seconds
Number of updated asset objects reloaded before import = 0
Number of asset objects unloaded after import = 3
