Using pre-set license
Built from '2022.3/staging' branch; Version is '2022.3.9f1 (ea401c316338) revision 15351836'; Using compiler version '192829333'; Build Type 'Release'
OS: 'Windows 10  (10.0.19045) 64bit ProfessionalWorkstation' Language: 'ko' Physical Memory: 16254 MB
BatchMode: 1, IsHumanControllingUs: 0, StartBugReporterOnCrash: 0, Is64bit: 1, IsPro: 1

COMMAND LINE ARGUMENTS:
D:\UN\Unity Hub\2022.3.9f1\Editor\Unity.exe
-adb2
-batchMode
-noUpm
-name
AssetImportWorker16
-projectPath
D:/만두~/게임 프로젝트/4) 2023.10 ~ 2023.12 인턴 프로젝트/DarkDice/DarkDice
-logFile
Logs/AssetImportWorker16.log
-srvPort
52569
Successfully changed project path to: D:/만두~/게임 프로젝트/4) 2023.10 ~ 2023.12 인턴 프로젝트/DarkDice/DarkDice
D:/만두~/게임 프로젝트/4) 2023.10 ~ 2023.12 인턴 프로젝트/DarkDice/DarkDice
[UnityMemory] Configuration Parameters - Can be set up in boot.config
    "memorysetup-bucket-allocator-granularity=16"
    "memorysetup-bucket-allocator-bucket-count=8"
    "memorysetup-bucket-allocator-block-size=33554432"
    "memorysetup-bucket-allocator-block-count=8"
    "memorysetup-main-allocator-block-size=16777216"
    "memorysetup-thread-allocator-block-size=16777216"
    "memorysetup-gfx-main-allocator-block-size=16777216"
    "memorysetup-gfx-thread-allocator-block-size=16777216"
    "memorysetup-cache-allocator-block-size=4194304"
    "memorysetup-typetree-allocator-block-size=2097152"
    "memorysetup-profiler-bucket-allocator-granularity=16"
    "memorysetup-profiler-bucket-allocator-bucket-count=8"
    "memorysetup-profiler-bucket-allocator-block-size=33554432"
    "memorysetup-profiler-bucket-allocator-block-count=8"
    "memorysetup-profiler-allocator-block-size=16777216"
    "memorysetup-profiler-editor-allocator-block-size=1048576"
    "memorysetup-temp-allocator-size-main=16777216"
    "memorysetup-job-temp-allocator-block-size=2097152"
    "memorysetup-job-temp-allocator-block-size-background=1048576"
    "memorysetup-job-temp-allocator-reduction-small-platforms=262144"
    "memorysetup-allocator-temp-initial-block-size-main=262144"
    "memorysetup-allocator-temp-initial-block-size-worker=262144"
    "memorysetup-temp-allocator-size-background-worker=32768"
    "memorysetup-temp-allocator-size-job-worker=262144"
    "memorysetup-temp-allocator-size-preload-manager=33554432"
    "memorysetup-temp-allocator-size-nav-mesh-worker=65536"
    "memorysetup-temp-allocator-size-audio-worker=65536"
    "memorysetup-temp-allocator-size-cloud-worker=32768"
    "memorysetup-temp-allocator-size-gi-baking-worker=262144"
    "memorysetup-temp-allocator-size-gfx=262144"
Player connection [15200] Host "[IP] 192.168.45.139 [Port] 0 [Flags] 2 [Guid] 3013428337 [EditorId] 3013428337 [Version] 1048832 [Id] WindowsEditor(7,DESKTOP-INHLPMS) [Debug] 1 [PackageName] WindowsEditor [ProjectName] Editor" joined multi-casting on [225.0.0.222:54997]...

Player connection [15200] Host "[IP] 192.168.45.139 [Port] 0 [Flags] 2 [Guid] 3013428337 [EditorId] 3013428337 [Version] 1048832 [Id] WindowsEditor(7,DESKTOP-INHLPMS) [Debug] 1 [PackageName] WindowsEditor [ProjectName] Editor" joined alternative multi-casting on [225.0.0.222:34997]...

[Physics::Module] Initialized MultithreadedJobDispatcher with 3 workers.
Refreshing native plugins compatible for Editor in 26.70 ms, found 4 plugins.
Preloading 0 native plugins for Editor in 0.00 ms.
Initialize engine version: 2022.3.9f1 (ea401c316338)
[Subsystems] Discovering subsystems at path D:/UN/Unity Hub/2022.3.9f1/Editor/Data/Resources/UnitySubsystems
[Subsystems] Discovering subsystems at path D:/만두~/게임 프로젝트/4) 2023.10 ~ 2023.12 인턴 프로젝트/DarkDice/DarkDice/Assets
GfxDevice: creating device client; threaded=0; jobified=0
Direct3D:
    Version:  Direct3D 11.0 [level 11.1]
    Renderer: NVIDIA GeForce RTX 3060 (ID=0x2504)
    Vendor:   NVIDIA
    VRAM:     12129 MB
    Driver:   31.0.15.3623
Initialize mono
Mono path[0] = 'D:/UN/Unity Hub/2022.3.9f1/Editor/Data/Managed'
Mono path[1] = 'D:/UN/Unity Hub/2022.3.9f1/Editor/Data/MonoBleedingEdge/lib/mono/unityjit-win32'
Mono config path = 'D:/UN/Unity Hub/2022.3.9f1/Editor/Data/MonoBleedingEdge/etc'
Using monoOptions --debugger-agent=transport=dt_socket,embedding=1,server=y,suspend=n,address=127.0.0.1:56996
Begin MonoManager ReloadAssembly
Registering precompiled unity dll's ...
Register platform support module: D:/UN/Unity Hub/2022.3.9f1/Editor/Data/PlaybackEngines/AndroidPlayer/UnityEditor.Android.Extensions.dll
Register platform support module: D:/UN/Unity Hub/2022.3.9f1/Editor/Data/PlaybackEngines/WindowsStandaloneSupport/UnityEditor.WindowsStandalone.Extensions.dll
Registered in 0.033405 seconds.
- Loaded All Assemblies, in  1.245 seconds
Native extension for WindowsStandalone target not found
Native extension for Android target not found
Android Extension - Scanning For ADB Devices 2361 ms
Mono: successfully reloaded assembly
- Finished resetting the current domain, in  3.028 seconds
Domain Reload Profiling: 4273ms
	BeginReloadAssembly (182ms)
		ExecutionOrderSort (0ms)
		DisableScriptedObjects (0ms)
		BackupInstance (0ms)
		ReleaseScriptingObjects (0ms)
		CreateAndSetChildDomain (1ms)
	RebuildCommonClasses (92ms)
	RebuildNativeTypeToScriptingClass (41ms)
	initialDomainReloadingComplete (296ms)
	LoadAllAssembliesAndSetupDomain (634ms)
		LoadAssemblies (184ms)
		RebuildTransferFunctionScriptingTraits (0ms)
		AnalyzeDomain (628ms)
			TypeCache.Refresh (599ms)
				TypeCache.ScanAssembly (566ms)
			ScanForSourceGeneratedMonoScriptInfo (1ms)
			ResolveRequiredComponents (2ms)
	FinalizeReload (3028ms)
		ReleaseScriptCaches (0ms)
		RebuildScriptCaches (0ms)
		SetupLoadedEditorAssemblies (2884ms)
			LogAssemblyErrors (0ms)
			InitializePlatformSupportModulesInManaged (2546ms)
			SetLoadedEditorAssemblies (5ms)
			RefreshPlugins (0ms)
			BeforeProcessingInitializeOnLoad (3ms)
			ProcessInitializeOnLoadAttributes (242ms)
			ProcessInitializeOnLoadMethodAttributes (89ms)
			AfterProcessingInitializeOnLoad (0ms)
			EditorAssembliesLoaded (0ms)
		ExecutionOrderSort2 (0ms)
		AwakeInstancesAfterBackupRestoration (0ms)
========================================================================
Worker process is ready to serve import requests
Begin MonoManager ReloadAssembly
- Loaded All Assemblies, in  0.958 seconds
Refreshing native plugins compatible for Editor in 5.81 ms, found 4 plugins.
Native extension for WindowsStandalone target not found
Native extension for Android target not found
Package Manager log level set to [2]
[Package Manager] Server::EnsureServerProcessIsRunning -- launch failed, reason: Unity was launched with the -noUpm command-line argument
[Package Manager] UpmClient::Send -- Unable to send message (not connected to UPM process).
[Package Manager] Cannot connect to Unity Package Manager local server
Mono: successfully reloaded assembly
- Finished resetting the current domain, in  0.993 seconds
Domain Reload Profiling: 1949ms
	BeginReloadAssembly (195ms)
		ExecutionOrderSort (0ms)
		DisableScriptedObjects (7ms)
		BackupInstance (0ms)
		ReleaseScriptingObjects (0ms)
		CreateAndSetChildDomain (25ms)
	RebuildCommonClasses (61ms)
	RebuildNativeTypeToScriptingClass (14ms)
	initialDomainReloadingComplete (46ms)
	LoadAllAssembliesAndSetupDomain (640ms)
		LoadAssemblies (430ms)
		RebuildTransferFunctionScriptingTraits (0ms)
		AnalyzeDomain (336ms)
			TypeCache.Refresh (286ms)
				TypeCache.ScanAssembly (261ms)
			ScanForSourceGeneratedMonoScriptInfo (35ms)
			ResolveRequiredComponents (12ms)
	FinalizeReload (993ms)
		ReleaseScriptCaches (0ms)
		RebuildScriptCaches (0ms)
		SetupLoadedEditorAssemblies (774ms)
			LogAssemblyErrors (0ms)
			InitializePlatformSupportModulesInManaged (28ms)
			SetLoadedEditorAssemblies (5ms)
			RefreshPlugins (0ms)
			BeforeProcessingInitializeOnLoad (92ms)
			ProcessInitializeOnLoadAttributes (548ms)
			ProcessInitializeOnLoadMethodAttributes (98ms)
			AfterProcessingInitializeOnLoad (4ms)
			EditorAssembliesLoaded (0ms)
		ExecutionOrderSort2 (0ms)
		AwakeInstancesAfterBackupRestoration (19ms)
Launched and connected shader compiler UnityShaderCompiler.exe after 0.10 seconds
Refreshing native plugins compatible for Editor in 5.68 ms, found 4 plugins.
Preloading 0 native plugins for Editor in 0.00 ms.
Unloading 5951 Unused Serialized files (Serialized files now loaded: 0)
Unloading 104 unused Assets / (1.7 MB). Loaded Objects now: 6402.
Memory consumption went from 250.8 MB to 249.0 MB.
Total: 5.454400 ms (FindLiveObjects: 0.481000 ms CreateObjectMapping: 0.491400 ms MarkObjects: 3.613700 ms  DeleteObjects: 0.867100 ms)

AssetImportParameters requested are different than current active one (requested -> active):
  custom:scripting/monoscript/fileName/Decorators.cs: 4533f6715dc3f8cdabbd37ff77d1dad7 -> 
  custom:scripting/monoscript/fileName/GlobalSettings.cs: e5eb35b80bdfaee4ead1e1630fd77998 -> 
  custom:scripting/monoscript/fileName/PostProcessEffectBaseEditor.cs: 972bdf00f442be0d879dcb6868e25c8e -> 
  custom:scripting/monoscript/fileName/PostProcessRenderContext.cs: 9e034c8bf7d42a1d6c2d4339915eccb0 -> 
  custom:scripting/monoscript/fileName/Spline.cs: 90cd98ce8bd9e127a41fa7960dbaa23e -> 5b11a3b0b1f1c2707aa8e32e3f5ebab7
  custom:scripting/monoscript/fileName/ColorGrading.cs: ef67493fb3cf9676ba5f25862510a595 -> 
  custom:scripting/monoscript/fileName/Monitor.cs: e0eb5d32b3aade2e0ce8680b00ac2b78 -> 
  custom:scripting/monoscript/fileName/TemporalAntialiasing.cs: 71e40fdab49d34f4e07f83936454d904 -> 
  custom:container-demuxer-ogg: 62fdf1f143b41e24485cea50d1cbac27 -> 
  custom:scripting/monoscript/fileName/AmbientOcclusion.cs: 7a27923f9312611f0b2898a72e3ee96a -> 
  custom:scripting/monoscript/fileName/PostProcessDebugLayer.cs: 6d8a99809398beddf11f92dfbb0e6ad4 -> 
  custom:scripting/monoscript/fileName/ColorUtilities.cs: 47918ebfa890b947a816b80444ee2882 -> 
  custom:scripting/monoscript/fileName/ParameterOverride.cs: 5475497db741ca919df708e5019e593d -> 
  custom:scripting/monoscript/fileName/TextureLerper.cs: 973e800795f77d61d647ea0c3f0cf284 -> 
  custom:scripting/monoscript/fileName/Vignette.cs: 8321e37c7e5f5b88b33ec92123a48942 -> 336c4cb6161dc9e719587ee2f8adfa76
  custom:scripting/monoscript/fileName/DepthOfFieldEditor.cs: a310108341749e128aa214efaeed40b6 -> 26654c26a7156e810e0df5cec6a81a0b
  custom:scripting/monoscript/fileName/DefaultPostProcessEffectEditor.cs: 06a1d8fcea7725e08b95f21cc15fd0a1 -> 
  custom:scripting/monoscript/fileName/PostProcessLayer.cs: aa288976158dcd4c24041d5304f25d07 -> 
  custom:video-codec-MediaFoundation-h265: 746d11721c4dcdbdad8f713fa42b33f4 -> 
  custom:scripting/monoscript/fileName/MaxAttribute.cs: d661645ab8c724f24b3e19978e87b44c -> 
  custom:scripting/monoscript/fileName/PostProcessDebugEditor.cs: 1a0488d8742bf880cc7334e53e2cc73d -> 
  custom:video-decoder-ogg-theora: a1e56fd34408186e4bbccfd4996cb3dc -> 
  custom:scripting/monoscript/fileName/SerializedParameterOverride.cs: 5e4deaf96895d013d32a8e84ec179f8e -> 
  custom:scripting/monoscript/fileName/MeshUtilities.cs: 8e059b2da190ac1a776c2dd07c40fad2 -> e2d47a335e5529b9d1f9107ec3d93a6c
  custom:scripting/monoscript/fileName/AmbientOcclusionEditor.cs: 61e5422c29b8f52188d508eb7d382167 -> 
  custom:scripting/monoscript/fileName/FastApproximateAntialiasing.cs: bf5588b2deec2689a812a7d2eacd9bd5 -> 
  custom:scripting/monoscript/fileName/MotionBlur.cs: da6cea10e20c63d7088dade83b6dd8bf -> 0510d1054bff2c6f48c06a45cbe6a2f3
  custom:scripting/monoscript/fileName/DefineSetter.cs: 292ba08e52064b1a72f8d4bb04301dd3 -> 
  custom:framework-win-MediaFoundation: 216162199b28c13a410421893ffa2e32 -> 
  custom:scripting/monoscript/fileName/ShaderIDs.cs: 96024f1f873475da65a783f1404f9117 -> 
  custom:scripting/monoscript/fileName/PostProcessEditorAttribute.cs: 672a58b4d5bab60112487a31c361c481 -> 
  custom:scripting/monoscript/fileName/LensDistortionEditor.cs: dee045d29944d55e8040435a58a7ce90 -> 
  custom:scripting/monoscript/fileName/MotionBlurEditor.cs: 07eba6e13b4805b2f2446b9e5d79e336 -> aa8807bca72fe66afdfe1064174c988c
  custom:scripting/monoscript/fileName/Dithering.cs: 3014fffaa718d0ad6dd2c7bb7956ed46 -> 
  custom:scripting/monoscript/fileName/DecoratorAttribute.cs: be5bd39119e1a41ea1a019fdb3818a3f -> 
  custom:scripting/monoscript/fileName/DisplayNameAttribute.cs: 935a6ac504eb8a852fba40cbcae9292c -> 
  custom:scripting/monoscript/fileName/PostProcessEffectSettings.cs: 2ab9d33170e863b1a9c8a9079cdd12aa -> 
  custom:scripting/monoscript/fileName/Fog.cs: 07e271953e2bcf8513b6a72a2737e767 -> 
  custom:scripting/monoscript/fileName/PostProcessManager.cs: 28ef7780d543a8111635e1f5051383d0 -> 
  custom:scripting/monoscript/fileName/VolumeFactory.cs: cc77136700c9e1ff894d234886ccb852 -> 
  custom:CustomObjectIndexerAttribute: a3ef5dd2817f97addfee359851a9dba5 -> 
  custom:scripting/monoscript/fileName/PostProcessEvent.cs: 8fb6e54ff2cf1a8be7ecdd01fbdd78f8 -> 
  custom:scripting/monoscript/fileName/TrackballAttribute.cs: 8dea8f77de7bd03137cc578af1ea6656 -> 
  custom:scripting/monoscript/fileName/TrackballDecorator.cs: 6a2b6c747937d12d8d81be8f5b21fbd2 -> 
  custom:scripting/monoscript/fileName/MultiScaleVO.cs: d4c4732956ffb536e016475d75f04c43 -> 
  custom:scripting/monoscript/fileName/CubeLutAssetFactory.cs: db1961888d7cabf6be94b37e3b663de4 -> 
  custom:container-demuxer-webm: 4f35f7cbe854078d1ac9338744f61a02 -> 
  custom:scripting/monoscript/fileName/PostProcessVolumeEditor.cs: 7aae71821512dcac422c45dc773293c3 -> 
  custom:scripting/monoscript/fileName/ChromaticAberration.cs: 262f1ec206531a34379fc4226a3185cf -> f10dcfffa6a3b1c56c7d7fa59f896688
  custom:scripting/monoscript/fileName/VignetteEditor.cs: 345736fc911c5e8ab23e579751a40e4a -> 
  custom:scripting/monoscript/fileName/Styling.cs: d1c4aa14ff93670753edfbb93fc91bfe -> 
  custom:scripting/monoscript/fileName/PostProcessEffectRendererExtensions.cs: e953624d113e7e1739c702512603957d -> 
  custom:scripting/monoscript/fileName/ScalableAO.cs: 2f29d71d59b754086c809cfee1cdce34 -> 
  custom:scripting/monoscript/fileName/PostProcessLayerEditor.cs: d16de665ece05cd6e27dcc8d7bac4b9a -> 
  custom:scripting/monoscript/fileName/MinMaxAttribute.cs: a4b6ac8a4377612c7135a60f905792f1 -> 
  custom:scripting/monoscript/fileName/SubpixelMorphologicalAntialiasing.cs: 02dcb8839824addec278047da0509aea -> 
  custom:scripting/monoscript/fileName/BaseEditor.cs: 90647cc400823b41df847a6cbfc29026 -> 
  custom:container-muxer-webm: aa71ff27fc2769a1b78a27578f13a17b -> 
  custom:video-decoder-webm-vp8: 9c59270c3fd7afecdb556c50c9e8de78 -> 
  custom:SearchIndexIgnoredProperties: e643bd26f0fe6173181afceb89e7c659 -> 
  custom:scripting/monoscript/fileName/ChromaticAberrationEditor.cs: 3043bf57519b71f64b7a6de970c2487b -> 
  custom:scripting/monoscript/fileName/PostProcessEffectRenderer.cs: 577c5acf8157ecea944bb95c8c6d9a95 -> 
  custom:AudioImporter_EditorPlatform: d09bf68614088b80899f8185d706f6e7 -> 
  custom:scripting/monoscript/fileName/TextureFormatUtilities.cs: ba58c57cfaabc0f8201a9ca6902fcb23 -> 
  custom:scripting/monoscript/fileName/PostProcessVolume.cs: 3883cef4be0567c54caf457a416a2095 -> 
  custom:scripting/monoscript/fileName/LightMeterMonitor.cs: a897ae0c731cb153281aea9ecd0efb03 -> 
  custom:scripting/monoscript/fileName/ColorGradingEditor.cs: 25838050e3e1f12ef51713a5dcf60349 -> 
  custom:scripting/monoscript/fileName/AttributeDecorator.cs: 39b465f08cd0a5df82fc2ef70b766ca2 -> 
  custom:scripting/monoscript/fileName/AutoExposureEditor.cs: dfd15824649ea346b717bc72a871d75b -> 
  custom:scripting/monoscript/fileName/LensDistortion.cs: 6f66b68312d5561f3da08218258b74a5 -> 78c46b77c9d2be9cf9d26a1329982826
  custom:scripting/monoscript/fileName/ResourceAssetFactory.cs: bf6acc988648d854bb3c5751325d0d0a -> 
  custom:scripting/monoscript/fileName/PostProcessProfileEditor.cs: 1dcd55858a4126cb33b0f2de53c74fbe -> 
  custom:scripting/monoscript/fileName/PostProcessDebug.cs: a653e9b773649e7452b035b4ce1dae82 -> 
  custom:scripting/monoscript/fileName/VFX.cs: 6ff2bdd1a3a21fa04b3850b4a29c0719 -> 
  custom:scripting/monoscript/fileName/PostProcessAttribute.cs: e125947bf72ce7382f3b16f75797c897 -> 
  custom:scripting/monoscript/fileName/Grain.cs: 43f09a87a88d9937fbb9c4dbf3d5508e -> 
  custom:scripting/monoscript/fileName/HistogramMonitor.cs: 6fd024409d6e9db8d4c2c4e26430c2ad -> 
  custom:scripting/monoscript/fileName/PostProcessProfile.cs: f6dc030e2e953b2ed0eca334cce5d5cf -> 
  custom:scripting/monoscript/fileName/ProfileFactory.cs: f835845dfebfed501813f60a1cb006a3 -> 
  custom:scripting/monoscript/fileName/PostProcessEffectEditor.cs: 90647cc400823b41df847a6cbfc29026 -> 
  custom:scripting/monoscript/fileName/CubeLutAssetImporter.cs: 5e94ca4c74dad11cc8880f33d0ba9efb -> 
  custom:scripting/monoscript/fileName/Star.cs: c1e9e446507ae80fbb0e3b5437799f16 -> 
  custom:scripting/monoscript/fileName/PostProcessBundle.cs: f610f855c8ae8b896b5084e85ede373e -> 
  custom:scripting/monoscript/fileName/ScreenSpaceReflectionsEditor.cs: 59c13ba25de6098e70bafe8be94f609a -> 
  custom:video-encoder-webm-vp8: eb34c28f22e8b96e1ab97ce403110664 -> 
  custom:scripting/monoscript/fileName/RuntimeUtilities.cs: 76964d36e50cc48cfa29643bdde8d9a5 -> 
  custom:scripting/monoscript/fileName/Bloom.cs: b8c0ed16b1659c8a0f6bd104e79dceca -> e051d0d488dd04170db16f16dbc31846
  custom:audio-decoder-ogg-vorbis: bf7c407c2cedff20999df2af8eb42d56 -> 
  custom:scripting/monoscript/fileName/AutoExposure.cs: 0e7c21b17f53209ee8c5c61ab59d7835 -> 
  custom:scripting/monoscript/fileName/VectorscopeMonitor.cs: cb70c6437b976f01b752cd219cc47f32 -> 
  custom:scripting/monoscript/fileName/PropertySheetFactory.cs: cfc4667cc03e44252fafe18d99f24b25 -> 
  custom:scripting/monoscript/fileName/EditorUtilities.cs: b1bc271083dd157e93facee9194a583b -> 6ffee066fd3126167714c5bf5642d56a
  custom:scripting/monoscript/fileName/HaltonSeq.cs: a7590e55d6fae5328a1c395a2473d0cf -> 
  custom:scripting/monoscript/fileName/MinAttribute.cs: a3e7473301291585f4cca024ce307406 -> 
  custom:scripting/monoscript/fileName/DepthOfField.cs: dc4452dfd8fe01d5cfb0796c6c3897ab -> e4cc19d3cd3652f165b28c767b2a5d66
  custom:scripting/monoscript/fileName/BloomEditor.cs: a5fb4464d803044b144c2312b52d7756 -> 94b80d370f2c498e587690092eb47271
  custom:scripting/monoscript/fileName/WaveformMonitor.cs: 609651ee3f98f206575f684e9cce655d -> 
  custom:scripting/monoscript/fileName/HableCurve.cs: b993206c36f6c640a06c8579c5238f26 -> 0737dbcc090169dd4b4d7b5443698830
  custom:audio-encoder-webm-vorbis: bf7c407c2cedff20999df2af8eb42d56 -> 
  custom:scripting/monoscript/fileName/PropertySheet.cs: fc9ce6876bcd4d6592ae263dfdc15f92 -> daa097da65d50b1a41a056843fe03e3d
  custom:scripting/monoscript/fileName/TargetPool.cs: 6d29560228134c933c12fb1c113fb6ef -> 
  custom:scripting/monoscript/fileName/LogHistogram.cs: bab913d888834a1a8572eb834acec97c -> 
  custom:scripting/monoscript/fileName/ScreenSpaceReflections.cs: 8afa07200328ddfcb2536d4180c62536 -> 
  custom:scripting/monoscript/fileName/CurveEditor.cs: f5e872b2a5a6427a1785818cb10d95d1 -> 
  custom:scripting/monoscript/fileName/PostProcessResources.cs: 5089c17a701ba9b714a1f3d25fb9a9b0 -> 
  custom:scripting/monoscript/fileName/EffectListEditor.cs: 1ecdb4094d9e64024d6eb7725a86197b -> 
========================================================================
Received Import Request.
  Time since last request: 38190.789073 seconds.
  path: Assets/FantaziaCharacterEditor/SpineProjectFile/images/8HELMET.png
  artifactKey: Guid(6edbdaa43fad62647b324804c725a9bb) Importer(815301076,1909f56bfc062723c751e8b465ee728b)
Start importing Assets/FantaziaCharacterEditor/SpineProjectFile/images/8HELMET.png using Guid(6edbdaa43fad62647b324804c725a9bb) Importer(815301076,1909f56bfc062723c751e8b465ee728b)  -> (artifact id: '38ba0211ea9bb39a7e6bac785dce394c') in 0.359258 seconds
Number of updated asset objects reloaded before import = 0
Number of asset objects unloaded after import = 3
========================================================================
Received Import Request.
  Time since last request: 0.000036 seconds.
  path: Assets/FantaziaCharacterEditor/SpineProjectFile/images/11ARM B1.png
  artifactKey: Guid(cfcc8e0aa35dd824a9ac5843e6c68b61) Importer(815301076,1909f56bfc062723c751e8b465ee728b)
Start importing Assets/FantaziaCharacterEditor/SpineProjectFile/images/11ARM B1.png using Guid(cfcc8e0aa35dd824a9ac5843e6c68b61) Importer(815301076,1909f56bfc062723c751e8b465ee728b)  -> (artifact id: '5c0e17e75bf41afa1dac43103c4f3937') in 0.226530 seconds
Number of updated asset objects reloaded before import = 0
Number of asset objects unloaded after import = 3
========================================================================
Received Import Request.
  Time since last request: 0.001878 seconds.
  path: Assets/FantaziaCharacterEditor/SpineProjectFile/images/10HIP.png
  artifactKey: Guid(9783531f6cd0c3642b899ba2e8d649b0) Importer(815301076,1909f56bfc062723c751e8b465ee728b)
Start importing Assets/FantaziaCharacterEditor/SpineProjectFile/images/10HIP.png using Guid(9783531f6cd0c3642b899ba2e8d649b0) Importer(815301076,1909f56bfc062723c751e8b465ee728b)  -> (artifact id: '821a16f6ba7ba1f8f3deb35d6c4318de') in 0.093665 seconds
Number of updated asset objects reloaded before import = 0
Number of asset objects unloaded after import = 3
========================================================================
Received Import Request.
  Time since last request: 0.000280 seconds.
  path: Assets/FantaziaCharacterEditor/SpineProjectFile/images/9ARM B3B.png
  artifactKey: Guid(34d5d831a542bdb48ad3fa6a06a53f4e) Importer(815301076,1909f56bfc062723c751e8b465ee728b)
Start importing Assets/FantaziaCharacterEditor/SpineProjectFile/images/9ARM B3B.png using Guid(34d5d831a542bdb48ad3fa6a06a53f4e) Importer(815301076,1909f56bfc062723c751e8b465ee728b)  -> (artifact id: '5bcc44058af1ea0a0e29fdf654e4d722') in 0.111536 seconds
Number of updated asset objects reloaded before import = 0
Number of asset objects unloaded after import = 3
========================================================================
Received Import Request.
  Time since last request: 0.005650 seconds.
  path: Assets/FantaziaCharacterEditor/SpineProjectFile/images/9ARM A1.png
  artifactKey: Guid(fd0f508ce43a30c4ba6b2f9b23cfebae) Importer(815301076,1909f56bfc062723c751e8b465ee728b)
Start importing Assets/FantaziaCharacterEditor/SpineProjectFile/images/9ARM A1.png using Guid(fd0f508ce43a30c4ba6b2f9b23cfebae) Importer(815301076,1909f56bfc062723c751e8b465ee728b)  -> (artifact id: 'cfebc4d743c3420df0a448b805f5cdb1') in 0.113251 seconds
Number of updated asset objects reloaded before import = 0
Number of asset objects unloaded after import = 3
========================================================================
Received Import Request.
  Time since last request: 0.001863 seconds.
  path: Assets/FantaziaCharacterEditor/SpineProjectFile/images/10BOW.png
  artifactKey: Guid(90079f3d4169c2c43a30f835a18e1442) Importer(815301076,1909f56bfc062723c751e8b465ee728b)
Start importing Assets/FantaziaCharacterEditor/SpineProjectFile/images/10BOW.png using Guid(90079f3d4169c2c43a30f835a18e1442) Importer(815301076,1909f56bfc062723c751e8b465ee728b)  -> (artifact id: 'fb8cf1f8b97feea42d6e3815fc08f379') in 0.175128 seconds
Number of updated asset objects reloaded before import = 0
Number of asset objects unloaded after import = 3
========================================================================
Received Import Request.
  Time since last request: 0.000511 seconds.
  path: Assets/FantaziaCharacterEditor/SpineProjectFile/images/9HAIR.png
  artifactKey: Guid(53dca6206a35baf41bd02d93e1f5aad7) Importer(815301076,1909f56bfc062723c751e8b465ee728b)
Start importing Assets/FantaziaCharacterEditor/SpineProjectFile/images/9HAIR.png using Guid(53dca6206a35baf41bd02d93e1f5aad7) Importer(815301076,1909f56bfc062723c751e8b465ee728b)  -> (artifact id: '5c6d328dc39f5594cb9694e5688316f7') in 0.091981 seconds
Number of updated asset objects reloaded before import = 0
Number of asset objects unloaded after import = 3
========================================================================
Received Import Request.
  Time since last request: 0.000172 seconds.
  path: Assets/FantaziaCharacterEditor/SpineProjectFile/images/8LEG B1.png
  artifactKey: Guid(998d2487773f18e488d2331f406dd78f) Importer(815301076,1909f56bfc062723c751e8b465ee728b)
Start importing Assets/FantaziaCharacterEditor/SpineProjectFile/images/8LEG B1.png using Guid(998d2487773f18e488d2331f406dd78f) Importer(815301076,1909f56bfc062723c751e8b465ee728b)  -> (artifact id: '57d0fb6b04a4099dfbc1db6f40119156') in 0.048410 seconds
Number of updated asset objects reloaded before import = 0
Number of asset objects unloaded after import = 3
========================================================================
Received Import Request.
  Time since last request: 0.000248 seconds.
  path: Assets/FantaziaCharacterEditor/SpineProjectFile/images/8MELEE.png
  artifactKey: Guid(6f53673b0d79b2645a51c2aa5c093f28) Importer(815301076,1909f56bfc062723c751e8b465ee728b)
Start importing Assets/FantaziaCharacterEditor/SpineProjectFile/images/8MELEE.png using Guid(6f53673b0d79b2645a51c2aa5c093f28) Importer(815301076,1909f56bfc062723c751e8b465ee728b)  -> (artifact id: '2e88e83e955186cdd25a61111d8f9909') in 0.085978 seconds
Number of updated asset objects reloaded before import = 0
Number of asset objects unloaded after import = 3
========================================================================
Received Import Request.
  Time since last request: 0.000123 seconds.
  path: Assets/FantaziaCharacterEditor/SpineProjectFile/images/10QUIVER.png
  artifactKey: Guid(a351c663329a5de4ea0509f45814d6b3) Importer(815301076,1909f56bfc062723c751e8b465ee728b)
Start importing Assets/FantaziaCharacterEditor/SpineProjectFile/images/10QUIVER.png using Guid(a351c663329a5de4ea0509f45814d6b3) Importer(815301076,1909f56bfc062723c751e8b465ee728b)  -> (artifact id: 'ab9e95512e3c265c6b6803f40f920118') in 0.064523 seconds
Number of updated asset objects reloaded before import = 0
Number of asset objects unloaded after import = 3
========================================================================
Received Import Request.
  Time since last request: 0.000181 seconds.
  path: Assets/FantaziaCharacterEditor/SpineProjectFile/images/9BOW.png
  artifactKey: Guid(666a43f3c7546854dbf38c39351ae2b5) Importer(815301076,1909f56bfc062723c751e8b465ee728b)
Start importing Assets/FantaziaCharacterEditor/SpineProjectFile/images/9BOW.png using Guid(666a43f3c7546854dbf38c39351ae2b5) Importer(815301076,1909f56bfc062723c751e8b465ee728b)  -> (artifact id: '2d8f8fdba354e592bba802fcdfc7905b') in 0.063181 seconds
Number of updated asset objects reloaded before import = 0
Number of asset objects unloaded after import = 3
========================================================================
Received Import Request.
  Time since last request: 0.030544 seconds.
  path: Assets/FantaziaCharacterEditor/SpineProjectFile/images/9ARM B1.png
  artifactKey: Guid(b21ec3a4b31ee5c4a9503d0b4acf6175) Importer(815301076,1909f56bfc062723c751e8b465ee728b)
Start importing Assets/FantaziaCharacterEditor/SpineProjectFile/images/9ARM B1.png using Guid(b21ec3a4b31ee5c4a9503d0b4acf6175) Importer(815301076,1909f56bfc062723c751e8b465ee728b)  -> (artifact id: '05c275ea1025ea47b8a6e2375cf8e83f') in 0.079031 seconds
Number of updated asset objects reloaded before import = 0
Number of asset objects unloaded after import = 3
========================================================================
Received Import Request.
  Time since last request: 0.001941 seconds.
  path: Assets/FantaziaCharacterEditor/SpineProjectFile/images/10HAIR.png
  artifactKey: Guid(3bc46aa357e80bf4c94eb9e96cc89f3d) Importer(815301076,1909f56bfc062723c751e8b465ee728b)
Start importing Assets/FantaziaCharacterEditor/SpineProjectFile/images/10HAIR.png using Guid(3bc46aa357e80bf4c94eb9e96cc89f3d) Importer(815301076,1909f56bfc062723c751e8b465ee728b)  -> (artifact id: '5ef87534ca95b479ac2d795876dbedb6') in 0.120403 seconds
Number of updated asset objects reloaded before import = 0
Number of asset objects unloaded after import = 3
========================================================================
Received Import Request.
  Time since last request: 0.008383 seconds.
  path: Assets/FantaziaCharacterEditor/SpineProjectFile/images/9ARM B2.png
  artifactKey: Guid(e8b92807715045e4a845312eac55edbf) Importer(815301076,1909f56bfc062723c751e8b465ee728b)
Start importing Assets/FantaziaCharacterEditor/SpineProjectFile/images/9ARM B2.png using Guid(e8b92807715045e4a845312eac55edbf) Importer(815301076,1909f56bfc062723c751e8b465ee728b)  -> (artifact id: '9e63f85a51dffad51707c6d25224cfb9') in 0.055121 seconds
Number of updated asset objects reloaded before import = 0
Number of asset objects unloaded after import = 3
========================================================================
Received Import Request.
  Time since last request: 0.001237 seconds.
  path: Assets/FantaziaCharacterEditor/SpineProjectFile/images/9ARM A3.png
  artifactKey: Guid(5d313ecb7e6f363418dad6e41e0f2a74) Importer(815301076,1909f56bfc062723c751e8b465ee728b)
Start importing Assets/FantaziaCharacterEditor/SpineProjectFile/images/9ARM A3.png using Guid(5d313ecb7e6f363418dad6e41e0f2a74) Importer(815301076,1909f56bfc062723c751e8b465ee728b)  -> (artifact id: 'a2d31fa8dffa7e92eb27ae904d0e1846') in 0.069910 seconds
Number of updated asset objects reloaded before import = 0
Number of asset objects unloaded after import = 3
========================================================================
Received Import Request.
  Time since last request: 0.021971 seconds.
  path: Assets/FantaziaCharacterEditor/SpineProjectFile/images/10ARM A3.png
  artifactKey: Guid(be3e137d17425914496a7c796bb52adc) Importer(815301076,1909f56bfc062723c751e8b465ee728b)
Start importing Assets/FantaziaCharacterEditor/SpineProjectFile/images/10ARM A3.png using Guid(be3e137d17425914496a7c796bb52adc) Importer(815301076,1909f56bfc062723c751e8b465ee728b)  -> (artifact id: '08f7a61f91c337dd5499f5a11985eb26') in 0.034566 seconds
Number of updated asset objects reloaded before import = 0
Number of asset objects unloaded after import = 3
========================================================================
Received Import Request.
  Time since last request: 0.006801 seconds.
  path: Assets/FantaziaCharacterEditor/SpineProjectFile/images/10SHIELD.png
  artifactKey: Guid(f883f4c3436ddeb489c031abb2519a32) Importer(815301076,1909f56bfc062723c751e8b465ee728b)
Start importing Assets/FantaziaCharacterEditor/SpineProjectFile/images/10SHIELD.png using Guid(f883f4c3436ddeb489c031abb2519a32) Importer(815301076,1909f56bfc062723c751e8b465ee728b)  -> (artifact id: 'c2bbc3755f9e995767081eff37882a0a') in 0.103814 seconds
Number of updated asset objects reloaded before import = 0
Number of asset objects unloaded after import = 3
========================================================================
Received Import Request.
  Time since last request: 0.000373 seconds.
  path: Assets/FantaziaCharacterEditor/SpineProjectFile/images/9QUIVER.png
  artifactKey: Guid(d0e0b5f4a42cc7d4a9e60302c058d2e0) Importer(815301076,1909f56bfc062723c751e8b465ee728b)
Start importing Assets/FantaziaCharacterEditor/SpineProjectFile/images/9QUIVER.png using Guid(d0e0b5f4a42cc7d4a9e60302c058d2e0) Importer(815301076,1909f56bfc062723c751e8b465ee728b)  -> (artifact id: '1340b4b04a9d3b531cc880faf2cde65b') in 0.081537 seconds
Number of updated asset objects reloaded before import = 0
Number of asset objects unloaded after import = 3
========================================================================
Received Import Request.
  Time since last request: 0.007461 seconds.
  path: Assets/FantaziaCharacterEditor/SpineProjectFile/images/9HIP.png
  artifactKey: Guid(0cca1101a6d0d7f4c8cff2a6a106769a) Importer(815301076,1909f56bfc062723c751e8b465ee728b)
Start importing Assets/FantaziaCharacterEditor/SpineProjectFile/images/9HIP.png using Guid(0cca1101a6d0d7f4c8cff2a6a106769a) Importer(815301076,1909f56bfc062723c751e8b465ee728b)  -> (artifact id: '4bdcbe481f03ca2f5d784d6d497b340b') in 0.076809 seconds
Number of updated asset objects reloaded before import = 0
Number of asset objects unloaded after import = 3
========================================================================
Received Import Request.
  Time since last request: 0.014862 seconds.
  path: Packages/com.unity.2d.sprite/Editor/ObjectMenuCreation/DefaultAssets/Textures/9-SlicedWithBorder.png
  artifactKey: Guid(cc35afd292fc349128b36a291fb3a165) Importer(815301076,1909f56bfc062723c751e8b465ee728b)
Start importing Packages/com.unity.2d.sprite/Editor/ObjectMenuCreation/DefaultAssets/Textures/9-SlicedWithBorder.png using Guid(cc35afd292fc349128b36a291fb3a165) Importer(815301076,1909f56bfc062723c751e8b465ee728b)  -> (artifact id: 'a5e718dd0b6d71a2da67b167bd54203e') in 0.091853 seconds
Number of updated asset objects reloaded before import = 0
Number of asset objects unloaded after import = 3
========================================================================
Received Import Request.
  Time since last request: 0.000849 seconds.
  path: Assets/FantaziaCharacterEditor/SpineProjectFile/images/10ARM A1.png
  artifactKey: Guid(5a6d60670a2381a40a0965fc69c85043) Importer(815301076,1909f56bfc062723c751e8b465ee728b)
Start importing Assets/FantaziaCharacterEditor/SpineProjectFile/images/10ARM A1.png using Guid(5a6d60670a2381a40a0965fc69c85043) Importer(815301076,1909f56bfc062723c751e8b465ee728b)  -> (artifact id: 'f77ab42f8b0160a6b259af929f708ddb') in 0.032596 seconds
Number of updated asset objects reloaded before import = 0
Number of asset objects unloaded after import = 3
========================================================================
Received Import Request.
  Time since last request: 0.007106 seconds.
  path: Assets/FantaziaCharacterEditor/SpineProjectFile/images/10LEG A3.png
  artifactKey: Guid(5d6d5974f9d72834796409e481600554) Importer(815301076,1909f56bfc062723c751e8b465ee728b)
Start importing Assets/FantaziaCharacterEditor/SpineProjectFile/images/10LEG A3.png using Guid(5d6d5974f9d72834796409e481600554) Importer(815301076,1909f56bfc062723c751e8b465ee728b)  -> (artifact id: 'd02de824b2311acb9fa6c7253d9df6f1') in 0.048711 seconds
Number of updated asset objects reloaded before import = 0
Number of asset objects unloaded after import = 3
========================================================================
Received Import Request.
  Time since last request: 0.001193 seconds.
  path: Assets/FantaziaCharacterEditor/SpineProjectFile/images/10LEG A1.png
  artifactKey: Guid(3512108e4da96e648a6f16a84efea2b9) Importer(815301076,1909f56bfc062723c751e8b465ee728b)
Start importing Assets/FantaziaCharacterEditor/SpineProjectFile/images/10LEG A1.png using Guid(3512108e4da96e648a6f16a84efea2b9) Importer(815301076,1909f56bfc062723c751e8b465ee728b)  -> (artifact id: '1c792732cb6a0957d7162abdeb23443d') in 0.041658 seconds
Number of updated asset objects reloaded before import = 0
Number of asset objects unloaded after import = 3
========================================================================
Received Import Request.
  Time since last request: 0.000775 seconds.
  path: Assets/FantaziaCharacterEditor/SpineProjectFile/images/8LEG A3.png
  artifactKey: Guid(d7e316b9077c7374eb93141f4b9a0244) Importer(815301076,1909f56bfc062723c751e8b465ee728b)
Start importing Assets/FantaziaCharacterEditor/SpineProjectFile/images/8LEG A3.png using Guid(d7e316b9077c7374eb93141f4b9a0244) Importer(815301076,1909f56bfc062723c751e8b465ee728b)  -> (artifact id: 'fa22a5876fd456d8aa3aff849b5ebd47') in 0.034006 seconds
Number of updated asset objects reloaded before import = 0
Number of asset objects unloaded after import = 3
========================================================================
Received Import Request.
  Time since last request: 0.009023 seconds.
  path: Packages/com.unity.2d.sprite/Editor/ObjectMenuCreation/DefaultAssets/Textures/9-Sliced.png
  artifactKey: Guid(71ebafeef3c03457483266a33ab2b270) Importer(815301076,1909f56bfc062723c751e8b465ee728b)
Start importing Packages/com.unity.2d.sprite/Editor/ObjectMenuCreation/DefaultAssets/Textures/9-Sliced.png using Guid(71ebafeef3c03457483266a33ab2b270) Importer(815301076,1909f56bfc062723c751e8b465ee728b)  -> (artifact id: '85fd0582c62cbc60194319495939024a') in 0.058229 seconds
Number of updated asset objects reloaded before import = 0
Number of asset objects unloaded after import = 3
========================================================================
Received Import Request.
  Time since last request: 0.003114 seconds.
  path: Assets/FantaziaCharacterEditor/SpineProjectFile/images/9LEG B1.png
  artifactKey: Guid(2c4a55d42570fdc40b00e381d90aeaae) Importer(815301076,1909f56bfc062723c751e8b465ee728b)
Start importing Assets/FantaziaCharacterEditor/SpineProjectFile/images/9LEG B1.png using Guid(2c4a55d42570fdc40b00e381d90aeaae) Importer(815301076,1909f56bfc062723c751e8b465ee728b)  -> (artifact id: '9cf91545c83e688422a265072a00f97d') in 0.063772 seconds
Number of updated asset objects reloaded before import = 0
Number of asset objects unloaded after import = 3
========================================================================
Received Import Request.
  Time since last request: 0.277255 seconds.
  path: Assets/FantaziaCharacterEditor/SpineProjectFile/images/19ARM B2.png
  artifactKey: Guid(f689cdd8ab757374daac1a9d000da175) Importer(815301076,1909f56bfc062723c751e8b465ee728b)
Start importing Assets/FantaziaCharacterEditor/SpineProjectFile/images/19ARM B2.png using Guid(f689cdd8ab757374daac1a9d000da175) Importer(815301076,1909f56bfc062723c751e8b465ee728b)  -> (artifact id: '54427c93ccb8ef1fc0a2044b4dbba6f4') in 0.041536 seconds
Number of updated asset objects reloaded before import = 0
Number of asset objects unloaded after import = 3
========================================================================
Received Import Request.
  Time since last request: 0.010029 seconds.
  path: Assets/FantaziaCharacterEditor/SpineProjectFile/images/19LEG A1.png
  artifactKey: Guid(9644d48e7918da94185d8d99c05ad546) Importer(815301076,1909f56bfc062723c751e8b465ee728b)
Start importing Assets/FantaziaCharacterEditor/SpineProjectFile/images/19LEG A1.png using Guid(9644d48e7918da94185d8d99c05ad546) Importer(815301076,1909f56bfc062723c751e8b465ee728b)  -> (artifact id: '2cfe2ac1442625bccc8b8dc4da35f1b8') in 0.080681 seconds
Number of updated asset objects reloaded before import = 0
Number of asset objects unloaded after import = 3
========================================================================
Received Import Request.
  Time since last request: 0.006107 seconds.
  path: Assets/FantaziaCharacterEditor/SpineProjectFile/images/23ARM B2.png
  artifactKey: Guid(ba512052dc3838949af3d4dae42e6e5e) Importer(815301076,1909f56bfc062723c751e8b465ee728b)
Start importing Assets/FantaziaCharacterEditor/SpineProjectFile/images/23ARM B2.png using Guid(ba512052dc3838949af3d4dae42e6e5e) Importer(815301076,1909f56bfc062723c751e8b465ee728b)  -> (artifact id: 'ef6e0f0300130168e300c5ef5a27becc') in 0.105002 seconds
Number of updated asset objects reloaded before import = 0
Number of asset objects unloaded after import = 3
========================================================================
Received Import Request.
  Time since last request: 0.000063 seconds.
  path: Assets/FantaziaCharacterEditor/SpineProjectFile/images/20ARM B2.png
  artifactKey: Guid(7010f12183e55e94ba115bc365bc7f1d) Importer(815301076,1909f56bfc062723c751e8b465ee728b)
Start importing Assets/FantaziaCharacterEditor/SpineProjectFile/images/20ARM B2.png using Guid(7010f12183e55e94ba115bc365bc7f1d) Importer(815301076,1909f56bfc062723c751e8b465ee728b)  -> (artifact id: 'dd4948005bbf8adf3f5e63a21f96b463') in 0.034901 seconds
Number of updated asset objects reloaded before import = 0
Number of asset objects unloaded after import = 3
========================================================================
Received Import Request.
  Time since last request: 0.003854 seconds.
  path: Assets/FantaziaCharacterEditor/SpineProjectFile/images/24ARM B1.png
  artifactKey: Guid(ccdf5070982df1b47b23210706b01826) Importer(815301076,1909f56bfc062723c751e8b465ee728b)
Start importing Assets/FantaziaCharacterEditor/SpineProjectFile/images/24ARM B1.png using Guid(ccdf5070982df1b47b23210706b01826) Importer(815301076,1909f56bfc062723c751e8b465ee728b)  -> (artifact id: '0906545a2e78d3b1c933b5aa81ae7a69') in 0.056670 seconds
Number of updated asset objects reloaded before import = 0
Number of asset objects unloaded after import = 3
========================================================================
Received Import Request.
  Time since last request: 0.001631 seconds.
  path: Assets/FantaziaCharacterEditor/SpineProjectFile/images/19ARM B3B.png
  artifactKey: Guid(4472bc5378df5bf4785ab5bd5a528479) Importer(815301076,1909f56bfc062723c751e8b465ee728b)
Start importing Assets/FantaziaCharacterEditor/SpineProjectFile/images/19ARM B3B.png using Guid(4472bc5378df5bf4785ab5bd5a528479) Importer(815301076,1909f56bfc062723c751e8b465ee728b)  -> (artifact id: 'dc06130f11df670e26923185dd219907') in 0.046693 seconds
Number of updated asset objects reloaded before import = 0
Number of asset objects unloaded after import = 3
========================================================================
Received Import Request.
  Time since last request: 0.000234 seconds.
  path: Assets/FantaziaCharacterEditor/SpineProjectFile/images/22LEG A1.png
  artifactKey: Guid(e63728567c1227844a30c9be9ee128f8) Importer(815301076,1909f56bfc062723c751e8b465ee728b)
Start importing Assets/FantaziaCharacterEditor/SpineProjectFile/images/22LEG A1.png using Guid(e63728567c1227844a30c9be9ee128f8) Importer(815301076,1909f56bfc062723c751e8b465ee728b)  -> (artifact id: 'df7cf0365fc583036d8fbccb622b8117') in 0.046423 seconds
Number of updated asset objects reloaded before import = 0
Number of asset objects unloaded after import = 3
========================================================================
Received Import Request.
  Time since last request: 0.002207 seconds.
  path: Assets/FantaziaCharacterEditor/SpineProjectFile/images/22LEG A2.png
  artifactKey: Guid(fb0a2ae8c75f9894880f9aa400f0073b) Importer(815301076,1909f56bfc062723c751e8b465ee728b)
Start importing Assets/FantaziaCharacterEditor/SpineProjectFile/images/22LEG A2.png using Guid(fb0a2ae8c75f9894880f9aa400f0073b) Importer(815301076,1909f56bfc062723c751e8b465ee728b)  -> (artifact id: '20d83b476d0d6d5b24f28ccdbca2699e') in 0.068875 seconds
Number of updated asset objects reloaded before import = 0
Number of asset objects unloaded after import = 3
========================================================================
Received Import Request.
  Time since last request: 0.006650 seconds.
  path: Assets/FantaziaCharacterEditor/SpineProjectFile/images/24ARM A2.png
  artifactKey: Guid(ef0e13d324d56184d9f44132b20664d5) Importer(815301076,1909f56bfc062723c751e8b465ee728b)
Start importing Assets/FantaziaCharacterEditor/SpineProjectFile/images/24ARM A2.png using Guid(ef0e13d324d56184d9f44132b20664d5) Importer(815301076,1909f56bfc062723c751e8b465ee728b)  -> (artifact id: 'fc39517fe6609bcc20883b03c7c6a8f1') in 0.091923 seconds
Number of updated asset objects reloaded before import = 0
Number of asset objects unloaded after import = 3
========================================================================
Received Import Request.
  Time since last request: 0.003434 seconds.
  path: Assets/FantaziaCharacterEditor/SpineProjectFile/images/24ARM A1.png
  artifactKey: Guid(6e75d7276f5b04847bc264caaa39cd9a) Importer(815301076,1909f56bfc062723c751e8b465ee728b)
Start importing Assets/FantaziaCharacterEditor/SpineProjectFile/images/24ARM A1.png using Guid(6e75d7276f5b04847bc264caaa39cd9a) Importer(815301076,1909f56bfc062723c751e8b465ee728b)  -> (artifact id: '473d775f86aa5b190a187dd397b85e0a') in 0.047838 seconds
Number of updated asset objects reloaded before import = 0
Number of asset objects unloaded after import = 3
========================================================================
Received Import Request.
  Time since last request: 0.000638 seconds.
  path: Assets/FantaziaCharacterEditor/SpineProjectFile/images/21SHOULDER A.png
  artifactKey: Guid(2d27b1ac8bc0afe4c8cf2c826c9c9305) Importer(815301076,1909f56bfc062723c751e8b465ee728b)
Start importing Assets/FantaziaCharacterEditor/SpineProjectFile/images/21SHOULDER A.png using Guid(2d27b1ac8bc0afe4c8cf2c826c9c9305) Importer(815301076,1909f56bfc062723c751e8b465ee728b)  -> (artifact id: 'c417a7464913108ee05ca885a25d1014') in 0.069488 seconds
Number of updated asset objects reloaded before import = 0
Number of asset objects unloaded after import = 3
========================================================================
Received Import Request.
  Time since last request: 0.000297 seconds.
  path: Assets/FantaziaCharacterEditor/SpineProjectFile/images/21ARM A1.png
  artifactKey: Guid(12fbfbcfc8bf0554bbf9663ec87b9bd2) Importer(815301076,1909f56bfc062723c751e8b465ee728b)
Start importing Assets/FantaziaCharacterEditor/SpineProjectFile/images/21ARM A1.png using Guid(12fbfbcfc8bf0554bbf9663ec87b9bd2) Importer(815301076,1909f56bfc062723c751e8b465ee728b)  -> (artifact id: '744d5aa0b9e32ef0643162f28cd524f3') in 0.050537 seconds
Number of updated asset objects reloaded before import = 0
Number of asset objects unloaded after import = 3
========================================================================
Received Import Request.
  Time since last request: 0.007750 seconds.
  path: Assets/FantaziaCharacterEditor/SpineProjectFile/images/24ARM B3B.png
  artifactKey: Guid(433addea720959a41ad0cc186f194137) Importer(815301076,1909f56bfc062723c751e8b465ee728b)
Start importing Assets/FantaziaCharacterEditor/SpineProjectFile/images/24ARM B3B.png using Guid(433addea720959a41ad0cc186f194137) Importer(815301076,1909f56bfc062723c751e8b465ee728b)  -> (artifact id: '24ef018bdf0d6cf1fcbf046b4ed10e56') in 0.028024 seconds
Number of updated asset objects reloaded before import = 0
Number of asset objects unloaded after import = 3
========================================================================
Received Import Request.
  Time since last request: 0.000240 seconds.
  path: Assets/FantaziaCharacterEditor/SpineProjectFile/images/23SHOULDER A.png
  artifactKey: Guid(c5d2e5b158758774eac86611f8ed695e) Importer(815301076,1909f56bfc062723c751e8b465ee728b)
Start importing Assets/FantaziaCharacterEditor/SpineProjectFile/images/23SHOULDER A.png using Guid(c5d2e5b158758774eac86611f8ed695e) Importer(815301076,1909f56bfc062723c751e8b465ee728b)  -> (artifact id: '36d82ab723c14b6eba633cc34fd6e25c') in 0.048923 seconds
Number of updated asset objects reloaded before import = 0
Number of asset objects unloaded after import = 3
========================================================================
Received Import Request.
  Time since last request: 0.001769 seconds.
  path: Assets/FantaziaCharacterEditor/SpineProjectFile/images/21LEG A3.png
  artifactKey: Guid(4fa049aec46203f4e8c52fc6bf59329d) Importer(815301076,1909f56bfc062723c751e8b465ee728b)
Start importing Assets/FantaziaCharacterEditor/SpineProjectFile/images/21LEG A3.png using Guid(4fa049aec46203f4e8c52fc6bf59329d) Importer(815301076,1909f56bfc062723c751e8b465ee728b)  -> (artifact id: 'f8418107cb81ac1da63949a67b3ab0ec') in 0.087984 seconds
Number of updated asset objects reloaded before import = 0
Number of asset objects unloaded after import = 3
========================================================================
Received Import Request.
  Time since last request: 0.000181 seconds.
  path: Assets/FantaziaCharacterEditor/SpineProjectFile/images/20HAIR.png
  artifactKey: Guid(9c8514e9637207240bbba6ae0ab7d12c) Importer(815301076,1909f56bfc062723c751e8b465ee728b)
Start importing Assets/FantaziaCharacterEditor/SpineProjectFile/images/20HAIR.png using Guid(9c8514e9637207240bbba6ae0ab7d12c) Importer(815301076,1909f56bfc062723c751e8b465ee728b)  -> (artifact id: '930f51b8a0086b1094ef2b3960411219') in 0.070825 seconds
Number of updated asset objects reloaded before import = 0
Number of asset objects unloaded after import = 3
========================================================================
Received Import Request.
  Time since last request: 0.000324 seconds.
  path: Assets/FantaziaCharacterEditor/SpineProjectFile/images/19SHOULDER A.png
  artifactKey: Guid(833b1156d5694b74cb7626d44e1adc10) Importer(815301076,1909f56bfc062723c751e8b465ee728b)
Start importing Assets/FantaziaCharacterEditor/SpineProjectFile/images/19SHOULDER A.png using Guid(833b1156d5694b74cb7626d44e1adc10) Importer(815301076,1909f56bfc062723c751e8b465ee728b)  -> (artifact id: '3299e4e9334fa0da2605193865dad8c2') in 0.058324 seconds
Number of updated asset objects reloaded before import = 0
Number of asset objects unloaded after import = 3
========================================================================
Received Import Request.
  Time since last request: 0.001445 seconds.
  path: Assets/FantaziaCharacterEditor/SpineProjectFile/images/21ARM B3B.png
  artifactKey: Guid(8129dcf197bc69242bb57763a8ad29cd) Importer(815301076,1909f56bfc062723c751e8b465ee728b)
Start importing Assets/FantaziaCharacterEditor/SpineProjectFile/images/21ARM B3B.png using Guid(8129dcf197bc69242bb57763a8ad29cd) Importer(815301076,1909f56bfc062723c751e8b465ee728b)  -> (artifact id: '0d1a82efaf1b6e809b9b4da51ce0a9b6') in 0.053828 seconds
Number of updated asset objects reloaded before import = 0
Number of asset objects unloaded after import = 3
========================================================================
Received Import Request.
  Time since last request: 0.000224 seconds.
  path: Assets/FantaziaCharacterEditor/SpineProjectFile/images/24LEG A1.png
  artifactKey: Guid(e87b02db84e43aa45b2d82353be5222e) Importer(815301076,1909f56bfc062723c751e8b465ee728b)
Start importing Assets/FantaziaCharacterEditor/SpineProjectFile/images/24LEG A1.png using Guid(e87b02db84e43aa45b2d82353be5222e) Importer(815301076,1909f56bfc062723c751e8b465ee728b)  -> (artifact id: '453260dae00340f94e463d73c9d47b13') in 0.018050 seconds
Number of updated asset objects reloaded before import = 0
Number of asset objects unloaded after import = 3
========================================================================
Received Import Request.
  Time since last request: 0.000016 seconds.
  path: Assets/FantaziaCharacterEditor/SpineProjectFile/images/22ARM B1.png
  artifactKey: Guid(fa79d19fe82bfef4a9f73cf3de47ba93) Importer(815301076,1909f56bfc062723c751e8b465ee728b)
Start importing Assets/FantaziaCharacterEditor/SpineProjectFile/images/22ARM B1.png using Guid(fa79d19fe82bfef4a9f73cf3de47ba93) Importer(815301076,1909f56bfc062723c751e8b465ee728b)  -> (artifact id: 'b601a030a25ff26292b7b72c40a17083') in 0.051931 seconds
Number of updated asset objects reloaded before import = 0
Number of asset objects unloaded after import = 3
========================================================================
Received Import Request.
  Time since last request: 0.000142 seconds.
  path: Assets/FantaziaCharacterEditor/SpineProjectFile/images/22ARM A2.png
  artifactKey: Guid(ad19b4c4312add6419e44edc0238caf0) Importer(815301076,1909f56bfc062723c751e8b465ee728b)
Start importing Assets/FantaziaCharacterEditor/SpineProjectFile/images/22ARM A2.png using Guid(ad19b4c4312add6419e44edc0238caf0) Importer(815301076,1909f56bfc062723c751e8b465ee728b)  -> (artifact id: 'd319539d033e4e8ede2b4c9fae52d34e') in 0.083794 seconds
Number of updated asset objects reloaded before import = 0
Number of asset objects unloaded after import = 3
========================================================================
Received Import Request.
  Time since last request: 0.005161 seconds.
  path: Assets/FantaziaCharacterEditor/SpineProjectFile/images/22LEG A3.png
  artifactKey: Guid(f562cd6a670ca4d4da24258026133d9e) Importer(815301076,1909f56bfc062723c751e8b465ee728b)
Start importing Assets/FantaziaCharacterEditor/SpineProjectFile/images/22LEG A3.png using Guid(f562cd6a670ca4d4da24258026133d9e) Importer(815301076,1909f56bfc062723c751e8b465ee728b)  -> (artifact id: '7a6de964883741d731ed7e4a3e4ca7f0') in 0.017195 seconds
Number of updated asset objects reloaded before import = 0
Number of asset objects unloaded after import = 3
========================================================================
Received Import Request.
  Time since last request: 0.000020 seconds.
  path: Assets/FantaziaCharacterEditor/SpineProjectFile/images/22ARM B3B.png
  artifactKey: Guid(ca1ecb0d9a6ec3243abbcce980a51c30) Importer(815301076,1909f56bfc062723c751e8b465ee728b)
Start importing Assets/FantaziaCharacterEditor/SpineProjectFile/images/22ARM B3B.png using Guid(ca1ecb0d9a6ec3243abbcce980a51c30) Importer(815301076,1909f56bfc062723c751e8b465ee728b)  -> (artifact id: '759539f21a7881032d10a3f9d5bb331d') in 0.027874 seconds
Number of updated asset objects reloaded before import = 0
Number of asset objects unloaded after import = 3
========================================================================
Received Import Request.
  Time since last request: 0.005972 seconds.
  path: Assets/FantaziaCharacterEditor/SpineProjectFile/images/23ARM B1.png
  artifactKey: Guid(acc2acc1159644a4f897fe8a2152f993) Importer(815301076,1909f56bfc062723c751e8b465ee728b)
Start importing Assets/FantaziaCharacterEditor/SpineProjectFile/images/23ARM B1.png using Guid(acc2acc1159644a4f897fe8a2152f993) Importer(815301076,1909f56bfc062723c751e8b465ee728b)  -> (artifact id: '4931555ead35be2fb4c4dfa6ac16847d') in 0.054115 seconds
Number of updated asset objects reloaded before import = 0
Number of asset objects unloaded after import = 3
========================================================================
Received Import Request.
  Time since last request: 0.006962 seconds.
  path: Assets/FantaziaCharacterEditor/SpineProjectFile/images/23HAIR.png
  artifactKey: Guid(83fe90c6f8d8bca45a026e5e5c17a333) Importer(815301076,1909f56bfc062723c751e8b465ee728b)
Start importing Assets/FantaziaCharacterEditor/SpineProjectFile/images/23HAIR.png using Guid(83fe90c6f8d8bca45a026e5e5c17a333) Importer(815301076,1909f56bfc062723c751e8b465ee728b)  -> (artifact id: 'c84060827b388e9cae084bfd2951e911') in 0.051642 seconds
Number of updated asset objects reloaded before import = 0
Number of asset objects unloaded after import = 3
========================================================================
Received Import Request.
  Time since last request: 0.000664 seconds.
  path: Assets/FantaziaCharacterEditor/SpineProjectFile/images/20SHOULDER A.png
  artifactKey: Guid(25c127abce27f3442b9e9e8fa20989c7) Importer(815301076,1909f56bfc062723c751e8b465ee728b)
Start importing Assets/FantaziaCharacterEditor/SpineProjectFile/images/20SHOULDER A.png using Guid(25c127abce27f3442b9e9e8fa20989c7) Importer(815301076,1909f56bfc062723c751e8b465ee728b)  -> (artifact id: 'f232f89162beabfd44f12f0321257a4e') in 0.054155 seconds
Number of updated asset objects reloaded before import = 0
Number of asset objects unloaded after import = 3
========================================================================
Received Import Request.
  Time since last request: 0.002370 seconds.
  path: Assets/FantaziaCharacterEditor/SpineProjectFile/images/22ARM B3F.png
  artifactKey: Guid(786c5ec656a25a144ad47d586e0ba761) Importer(815301076,1909f56bfc062723c751e8b465ee728b)
Start importing Assets/FantaziaCharacterEditor/SpineProjectFile/images/22ARM B3F.png using Guid(786c5ec656a25a144ad47d586e0ba761) Importer(815301076,1909f56bfc062723c751e8b465ee728b)  -> (artifact id: '05759646f03ec1824a3c6677e0f7423c') in 0.035602 seconds
Number of updated asset objects reloaded before import = 0
Number of asset objects unloaded after import = 3
========================================================================
Received Import Request.
  Time since last request: 0.000325 seconds.
  path: Assets/FantaziaCharacterEditor/SpineProjectFile/images/21ARM A3.png
  artifactKey: Guid(905b336384040b74181a7576c50263a5) Importer(815301076,1909f56bfc062723c751e8b465ee728b)
Start importing Assets/FantaziaCharacterEditor/SpineProjectFile/images/21ARM A3.png using Guid(905b336384040b74181a7576c50263a5) Importer(815301076,1909f56bfc062723c751e8b465ee728b)  -> (artifact id: 'e6d15b1951cffc9ef9561259f1b83b53') in 0.081111 seconds
Number of updated asset objects reloaded before import = 0
Number of asset objects unloaded after import = 3
========================================================================
Received Import Request.
  Time since last request: 0.002466 seconds.
  path: Assets/FantaziaCharacterEditor/SpineProjectFile/images/23ARM A3.png
  artifactKey: Guid(188c1485cab594e4cb9f9f1265496e0a) Importer(815301076,1909f56bfc062723c751e8b465ee728b)
Start importing Assets/FantaziaCharacterEditor/SpineProjectFile/images/23ARM A3.png using Guid(188c1485cab594e4cb9f9f1265496e0a) Importer(815301076,1909f56bfc062723c751e8b465ee728b)  -> (artifact id: 'faf0233be860ef64b5b6314cefbe1b14') in 0.020387 seconds
Number of updated asset objects reloaded before import = 0
Number of asset objects unloaded after import = 3
========================================================================
Received Import Request.
  Time since last request: 0.000207 seconds.
  path: Assets/FantaziaCharacterEditor/SpineProjectFile/images/20LEG A1.png
  artifactKey: Guid(180857fe195f2d14b96e4228ee08da13) Importer(815301076,1909f56bfc062723c751e8b465ee728b)
Start importing Assets/FantaziaCharacterEditor/SpineProjectFile/images/20LEG A1.png using Guid(180857fe195f2d14b96e4228ee08da13) Importer(815301076,1909f56bfc062723c751e8b465ee728b)  -> (artifact id: '973f3b8683c7a92b02a6bc5f4d5c3f8f') in 0.111100 seconds
Number of updated asset objects reloaded before import = 0
Number of asset objects unloaded after import = 3
========================================================================
Received Import Request.
  Time since last request: 0.048882 seconds.
  path: Assets/FantaziaCharacterEditor/SpineProjectFile/images/24SHOULDER A.png
  artifactKey: Guid(32b85e0c182af13438259cbd1bdeb730) Importer(815301076,1909f56bfc062723c751e8b465ee728b)
Start importing Assets/FantaziaCharacterEditor/SpineProjectFile/images/24SHOULDER A.png using Guid(32b85e0c182af13438259cbd1bdeb730) Importer(815301076,1909f56bfc062723c751e8b465ee728b)  -> (artifact id: '0795013b32b90630ae2211f1934f01a3') in 0.037478 seconds
Number of updated asset objects reloaded before import = 0
Number of asset objects unloaded after import = 3
========================================================================
Received Import Request.
  Time since last request: 0.004361 seconds.
  path: Assets/Sprite/Dice/AtkDice6.png
  artifactKey: Guid(9176160ed684f9443b17a2039c5994bc) Importer(815301076,1909f56bfc062723c751e8b465ee728b)
Start importing Assets/Sprite/Dice/AtkDice6.png using Guid(9176160ed684f9443b17a2039c5994bc) Importer(815301076,1909f56bfc062723c751e8b465ee728b)  -> (artifact id: '637b88512a9a864a4fb177d26767a6cb') in 0.055266 seconds
Number of updated asset objects reloaded before import = 0
Number of asset objects unloaded after import = 3
========================================================================
Received Import Request.
  Time since last request: 15.847453 seconds.
  path: Packages/com.unity.2d.sprite/Editor/ObjectMenuCreation/DefaultAssets/Textures/v2/IsometricDiamond.png
  artifactKey: Guid(19fb86013d8c24d6cb8410c0aadf30fa) Importer(815301076,1909f56bfc062723c751e8b465ee728b)
Start importing Packages/com.unity.2d.sprite/Editor/ObjectMenuCreation/DefaultAssets/Textures/v2/IsometricDiamond.png using Guid(19fb86013d8c24d6cb8410c0aadf30fa) Importer(815301076,1909f56bfc062723c751e8b465ee728b)  -> (artifact id: 'a711ca622f96bba64d3e317d665a2e49') in 0.083579 seconds
Number of updated asset objects reloaded before import = 0
Number of asset objects unloaded after import = 3
========================================================================
Received Import Request.
  Time since last request: 2.526298 seconds.
  path: Packages/com.unity.2d.animation/Editor/Assets/EditorIcons/Selected/Generate_Weights.png
  artifactKey: Guid(2892d6ec6ca2a1f45adbd52fdb96fcfe) Importer(815301076,1909f56bfc062723c751e8b465ee728b)
Start importing Packages/com.unity.2d.animation/Editor/Assets/EditorIcons/Selected/Generate_Weights.png using Guid(2892d6ec6ca2a1f45adbd52fdb96fcfe) Importer(815301076,1909f56bfc062723c751e8b465ee728b)  -> (artifact id: '4df1769d63b89e2b82b23c73aee69ca2') in 0.047577 seconds
Number of updated asset objects reloaded before import = 0
Number of asset objects unloaded after import = 3
========================================================================
Received Import Request.
  Time since last request: 0.009807 seconds.
  path: Packages/com.unity.2d.animation/Editor/Assets/EditorIcons/Selected/Generate_Weights@4x.png
  artifactKey: Guid(ea292d445b1c4cb48897511cd9453f1c) Importer(815301076,1909f56bfc062723c751e8b465ee728b)
Start importing Packages/com.unity.2d.animation/Editor/Assets/EditorIcons/Selected/Generate_Weights@4x.png using Guid(ea292d445b1c4cb48897511cd9453f1c) Importer(815301076,1909f56bfc062723c751e8b465ee728b)  -> (artifact id: 'ac57c6a9861eefffd4df4cb020eacd81') in 0.017893 seconds
Number of updated asset objects reloaded before import = 0
Number of asset objects unloaded after import = 3
========================================================================
Received Import Request.
  Time since last request: 0.000014 seconds.
  path: Packages/com.unity.2d.tilemap/Editor/Icons/Grid.RotateCW@2x.png
  artifactKey: Guid(3239e705bdc364b47a21e44901809b91) Importer(815301076,1909f56bfc062723c751e8b465ee728b)
Start importing Packages/com.unity.2d.tilemap/Editor/Icons/Grid.RotateCW@2x.png using Guid(3239e705bdc364b47a21e44901809b91) Importer(815301076,1909f56bfc062723c751e8b465ee728b)  -> (artifact id: 'e563734d2f2f017e284b3f2c95d90873') in 0.027228 seconds
Number of updated asset objects reloaded before import = 0
Number of asset objects unloaded after import = 3
========================================================================
Received Import Request.
  Time since last request: 0.000118 seconds.
  path: Packages/com.unity.2d.tilemap/Editor/Icons/Grid.RotateCW.png
  artifactKey: Guid(e25f34c849d45714e86b14d3afbb763e) Importer(815301076,1909f56bfc062723c751e8b465ee728b)
Start importing Packages/com.unity.2d.tilemap/Editor/Icons/Grid.RotateCW.png using Guid(e25f34c849d45714e86b14d3afbb763e) Importer(815301076,1909f56bfc062723c751e8b465ee728b)  -> (artifact id: '52df347025538b60ef63c8d8e8523c2b') in 0.018732 seconds
Number of updated asset objects reloaded before import = 0
Number of asset objects unloaded after import = 3
========================================================================
Received Import Request.
  Time since last request: 0.000019 seconds.
  path: Packages/com.unity.2d.psdimporter/Editor/Assets/Icons/Selected/Layers Separated@16x.png
  artifactKey: Guid(5e2b00fc2e687454b8c7dcf6cb8226d7) Importer(815301076,1909f56bfc062723c751e8b465ee728b)
Start importing Packages/com.unity.2d.psdimporter/Editor/Assets/Icons/Selected/Layers Separated@16x.png using Guid(5e2b00fc2e687454b8c7dcf6cb8226d7) Importer(815301076,1909f56bfc062723c751e8b465ee728b)  -> (artifact id: '289107624cc0ba4f5357e36ca8ddee65') in 0.169438 seconds
Number of updated asset objects reloaded before import = 0
Number of asset objects unloaded after import = 3
========================================================================
Received Import Request.
  Time since last request: 0.001444 seconds.
  path: Packages/com.unity.2d.psdimporter/Editor/Assets/Icons/Light/Layers Separated@8x.png
  artifactKey: Guid(2634b0c913a9a4431a8702825a79ca31) Importer(815301076,1909f56bfc062723c751e8b465ee728b)
Start importing Packages/com.unity.2d.psdimporter/Editor/Assets/Icons/Light/Layers Separated@8x.png using Guid(2634b0c913a9a4431a8702825a79ca31) Importer(815301076,1909f56bfc062723c751e8b465ee728b)  -> (artifact id: 'c1844bfd2fce1b2cb988b53a44ef1b64') in 0.061697 seconds
Number of updated asset objects reloaded before import = 0
Number of asset objects unloaded after import = 3
========================================================================
Received Import Request.
  Time since last request: 0.004404 seconds.
  path: Assets/Particle/Particle_Png/Png/Rotated/muzzle_02_rotated.png
  artifactKey: Guid(39968f57ae46b564ab2107ce7a53d32f) Importer(815301076,1909f56bfc062723c751e8b465ee728b)
Start importing Assets/Particle/Particle_Png/Png/Rotated/muzzle_02_rotated.png using Guid(39968f57ae46b564ab2107ce7a53d32f) Importer(815301076,1909f56bfc062723c751e8b465ee728b)  -> (artifact id: 'bfb5f743047a47e6f5652edd83db8127') in 0.044053 seconds
Number of updated asset objects reloaded before import = 0
Number of asset objects unloaded after import = 3
========================================================================
Received Import Request.
  Time since last request: 0.000316 seconds.
  path: Assets/Particle/Particle_Png/Png/Rotated/muzzle_03_rotated.png
  artifactKey: Guid(db9af74e55e804342a15ca5108de7022) Importer(815301076,1909f56bfc062723c751e8b465ee728b)
Start importing Assets/Particle/Particle_Png/Png/Rotated/muzzle_03_rotated.png using Guid(db9af74e55e804342a15ca5108de7022) Importer(815301076,1909f56bfc062723c751e8b465ee728b)  -> (artifact id: 'db9811b1cb24e8ca12018632fe093e61') in 0.029570 seconds
Number of updated asset objects reloaded before import = 0
Number of asset objects unloaded after import = 3
========================================================================
Received Import Request.
  Time since last request: 0.005179 seconds.
  path: Assets/Particle/Particle_Png/Png/Rotated/muzzle_01_rotated.png
  artifactKey: Guid(74f6a4f39e7930943a4d214bf54723ea) Importer(815301076,1909f56bfc062723c751e8b465ee728b)
Start importing Assets/Particle/Particle_Png/Png/Rotated/muzzle_01_rotated.png using Guid(74f6a4f39e7930943a4d214bf54723ea) Importer(815301076,1909f56bfc062723c751e8b465ee728b)  -> (artifact id: '921f95cf0da71f447e5ef10e6b5802f6') in 0.025397 seconds
Number of updated asset objects reloaded before import = 0
Number of asset objects unloaded after import = 3
========================================================================
Received Import Request.
  Time since last request: 0.000709 seconds.
  path: Packages/com.unity.2d.psdimporter/Editor/Assets/Icons/Dark/Layers Separated@8x.png
  artifactKey: Guid(51ef52b256a104c0ca3268e10a1b1056) Importer(815301076,1909f56bfc062723c751e8b465ee728b)
Start importing Packages/com.unity.2d.psdimporter/Editor/Assets/Icons/Dark/Layers Separated@8x.png using Guid(51ef52b256a104c0ca3268e10a1b1056) Importer(815301076,1909f56bfc062723c751e8b465ee728b)  -> (artifact id: '3fba046d615f7a8d0f198b2fc39c8fa2') in 0.064061 seconds
Number of updated asset objects reloaded before import = 0
Number of asset objects unloaded after import = 3
========================================================================
Received Import Request.
  Time since last request: 0.000222 seconds.
  path: Assets/Particle/Particle_Png/Png/Rotated/muzzle_05_rotated.png
  artifactKey: Guid(1c76b6efa76689145a46e4a62293c0fd) Importer(815301076,1909f56bfc062723c751e8b465ee728b)
Start importing Assets/Particle/Particle_Png/Png/Rotated/muzzle_05_rotated.png using Guid(1c76b6efa76689145a46e4a62293c0fd) Importer(815301076,1909f56bfc062723c751e8b465ee728b)  -> (artifact id: 'aeb8feaaf8ba0b1cd4ceba744a24788f') in 0.047935 seconds
Number of updated asset objects reloaded before import = 0
Number of asset objects unloaded after import = 3
========================================================================
Received Import Request.
  Time since last request: 0.000014 seconds.
  path: Assets/Particle/Particle_Png/Png/Rotated/trace_01_rotated.png
  artifactKey: Guid(19ebfce03ef71e3489eb274f79961a98) Importer(815301076,1909f56bfc062723c751e8b465ee728b)
Start importing Assets/Particle/Particle_Png/Png/Rotated/trace_01_rotated.png using Guid(19ebfce03ef71e3489eb274f79961a98) Importer(815301076,1909f56bfc062723c751e8b465ee728b)  -> (artifact id: '25251fc2a1b220f516ae0236fd8f06d0') in 0.071059 seconds
Number of updated asset objects reloaded before import = 0
Number of asset objects unloaded after import = 3
========================================================================
Received Import Request.
  Time since last request: 0.000452 seconds.
  path: Packages/com.unity.2d.tilemap/Editor/Icons/Grid.RotateACW@2x.png
  artifactKey: Guid(51b8cbcbf34a36243a954f42c5d344fc) Importer(815301076,1909f56bfc062723c751e8b465ee728b)
Start importing Packages/com.unity.2d.tilemap/Editor/Icons/Grid.RotateACW@2x.png using Guid(51b8cbcbf34a36243a954f42c5d344fc) Importer(815301076,1909f56bfc062723c751e8b465ee728b)  -> (artifact id: '554690fd9bbbcf7be3d367a59732ee48') in 0.075868 seconds
Number of updated asset objects reloaded before import = 0
Number of asset objects unloaded after import = 3
========================================================================
Received Import Request.
  Time since last request: 0.001034 seconds.
  path: Assets/Particle/Particle_Png/Png/Rotated/trace_06_rotated.png
  artifactKey: Guid(b257e1d005e1d634cbb7639a0bb0cc70) Importer(815301076,1909f56bfc062723c751e8b465ee728b)
Start importing Assets/Particle/Particle_Png/Png/Rotated/trace_06_rotated.png using Guid(b257e1d005e1d634cbb7639a0bb0cc70) Importer(815301076,1909f56bfc062723c751e8b465ee728b)  -> (artifact id: '767f080533a419d1e19c95e3a2bc63c7') in 0.053303 seconds
Number of updated asset objects reloaded before import = 0
Number of asset objects unloaded after import = 3
========================================================================
Received Import Request.
  Time since last request: 0.006991 seconds.
  path: Assets/Particle/Particle_Png/Png/Rotated/trace_04_rotated.png
  artifactKey: Guid(f9bc5dd5f34e2dd43b84cb70ce988b2b) Importer(815301076,1909f56bfc062723c751e8b465ee728b)
Start importing Assets/Particle/Particle_Png/Png/Rotated/trace_04_rotated.png using Guid(f9bc5dd5f34e2dd43b84cb70ce988b2b) Importer(815301076,1909f56bfc062723c751e8b465ee728b)  -> (artifact id: '43a1bdde22958b0bbf70f4303c3a47f2') in 0.099875 seconds
Number of updated asset objects reloaded before import = 0
Number of asset objects unloaded after import = 3
Editor requested this worker to shutdown with reason: Scaling down because of idle timeout
TcpMessagingSession - receive error: operation aborted. errorcode: 995, details:   Ǵ  α׷ û  I/O ۾ ҵǾϴ.
AssetImportWorker is now disconnected from the server
Process exiting
Exiting without the bug reporter. Application will terminate with return code 0